2023-11-17 22:43:12,728 [INFO] Activator:176 - 


2023-11-17 22:43:12,731 [INFO] Activator:177 - !SESSION log4j initialized
2023-11-17 22:43:16,663 [INFO] LogOutputStream:77 - [STDOUT_REDIRECT] 
2023-11-17 22:43:20,086 [INFO] ApplicationProperties:184 - Using Application install path: C:\ST\STM32CubeIDE_1.13.2\STM32CubeIDE\plugins\com.st.stm32cube.common.mx_6.9.2.202309101412
2023-11-17 22:43:20,112 [INFO] DbMcusXml:78 - Set database path to: C:\ST\STM32CubeIDE_1.13.2\STM32CubeIDE\plugins\com.st.stm32cube.common.mx_6.9.2.202309101412\\db\/mcu/
2023-11-17 22:43:20,112 [INFO] ApiDb:274 - Set plugin database path to: C:\ST\STM32CubeIDE_1.13.2\STM32CubeIDE\plugins\com.st.stm32cube.common.mx_6.9.2.202309101412\\db\/plugins/boardmanager/
2023-11-17 22:43:20,113 [WARN] ApiDb:259 - Overriding images path with different value:  => C:\ST\STM32CubeIDE_1.13.2\STM32CubeIDE\plugins\com.st.stm32cube.common.mx_6.9.2.202309101412\\db\/plugins/mcufinder/images/
2023-11-17 22:43:20,134 [INFO] ApiDb:250 - Set database path to: C:\Users\Chris\.stmcufinder\plugins\mcufinder//mcu/
2023-11-17 22:43:20,136 [INFO] DbMcusAds:125 - Set database path to: C:\Users\Chris\.stmcufinder\plugins\mcufinder//mcu/
2023-11-17 22:43:20,140 [INFO] CrossReferenceDbSqlite:203 - Set database path to: C:\Users\Chris\.stmcufinder\plugins\mcufinder//mcu/cs/
2023-11-17 22:43:20,337 [INFO] RulesReader:64 - Compatibility file has been processed (293 Rules)
2023-11-17 22:43:20,485 [INFO] DbMcusXml:78 - Set database path to: C:\ST\STM32CubeIDE_1.13.2\STM32CubeIDE\plugins\com.st.stm32cube.common.mx_6.9.2.202309101412\\db\/mcu/
2023-11-17 22:43:20,485 [INFO] ApiDb:274 - Set plugin database path to: C:\ST\STM32CubeIDE_1.13.2\STM32CubeIDE\plugins\com.st.stm32cube.common.mx_6.9.2.202309101412\\db\/plugins/boardmanager/
2023-11-17 22:43:20,486 [INFO] ApiDb:261 - Set plugin images path to: C:\ST\STM32CubeIDE_1.13.2\STM32CubeIDE\plugins\com.st.stm32cube.common.mx_6.9.2.202309101412\\db\/plugins/mcufinder/images/
2023-11-17 22:43:20,486 [WARN] DbFile:41 - Overriding database path with different value: C:\Users\Chris\.stmcufinder\plugins\mcufinder/ => C:\Users\Chris\.stmcufinder\plugins\mcufinder
2023-11-17 22:43:20,486 [INFO] ApiDb:250 - Set database path to: C:\Users\Chris\.stmcufinder\plugins\mcufinder//mcu/
2023-11-17 22:43:20,486 [WARN] DbFile:41 - Overriding database path with different value: C:\Users\Chris\.stmcufinder\plugins\mcufinder/ => C:\Users\Chris\.stmcufinder\plugins\mcufinder
2023-11-17 22:43:20,487 [INFO] DbMcusAds:125 - Set database path to: C:\Users\Chris\.stmcufinder\plugins\mcufinder//mcu/
2023-11-17 22:43:20,487 [WARN] DbFile:41 - Overriding database path with different value: C:\Users\Chris\.stmcufinder\plugins\mcufinder/ => C:\Users\Chris\.stmcufinder\plugins\mcufinder
2023-11-17 22:43:20,487 [WARN] DbFile:41 - Overriding database path with different value: C:\Users\Chris\.stmcufinder\plugins\mcufinder/ => C:\Users\Chris\.stmcufinder\plugins\mcufinder
2023-11-17 22:43:20,487 [INFO] CrossReferenceDbSqlite:203 - Set database path to: C:\Users\Chris\.stmcufinder\plugins\mcufinder//mcu/cs/
2023-11-17 22:43:20,597 [INFO] MainPanel:262 - HeapMemory: 268435456
2023-11-17 22:43:20,713 [INFO] DbMcusXml:78 - Set database path to: C:\ST\STM32CubeIDE_1.13.2\STM32CubeIDE\plugins\com.st.stm32cube.common.mx_6.9.2.202309101412\\db\/mcu/
2023-11-17 22:43:20,713 [INFO] ApiDb:274 - Set plugin database path to: C:\ST\STM32CubeIDE_1.13.2\STM32CubeIDE\plugins\com.st.stm32cube.common.mx_6.9.2.202309101412\\db\/plugins/boardmanager/
2023-11-17 22:43:20,713 [INFO] ApiDb:261 - Set plugin images path to: C:\ST\STM32CubeIDE_1.13.2\STM32CubeIDE\plugins\com.st.stm32cube.common.mx_6.9.2.202309101412\\db\/plugins/mcufinder/images/
2023-11-17 22:43:20,714 [WARN] DbFile:41 - Overriding database path with different value: C:\Users\Chris\.stmcufinder\plugins\mcufinder/ => C:\Users\Chris\.stmcufinder\plugins\mcufinder
2023-11-17 22:43:20,714 [INFO] ApiDb:250 - Set database path to: C:\Users\Chris\.stmcufinder\plugins\mcufinder//mcu/
2023-11-17 22:43:20,714 [WARN] DbFile:41 - Overriding database path with different value: C:\Users\Chris\.stmcufinder\plugins\mcufinder/ => C:\Users\Chris\.stmcufinder\plugins\mcufinder
2023-11-17 22:43:20,714 [INFO] DbMcusAds:125 - Set database path to: C:\Users\Chris\.stmcufinder\plugins\mcufinder//mcu/
2023-11-17 22:43:20,714 [WARN] DbFile:41 - Overriding database path with different value: C:\Users\Chris\.stmcufinder\plugins\mcufinder/ => C:\Users\Chris\.stmcufinder\plugins\mcufinder
2023-11-17 22:43:20,714 [WARN] DbFile:41 - Overriding database path with different value: C:\Users\Chris\.stmcufinder\plugins\mcufinder/ => C:\Users\Chris\.stmcufinder\plugins\mcufinder
2023-11-17 22:43:20,714 [INFO] CrossReferenceDbSqlite:203 - Set database path to: C:\Users\Chris\.stmcufinder\plugins\mcufinder//mcu/cs/
2023-11-17 22:43:20,737 [INFO] ApplicationProperties:184 - Using Application install path: C:\ST\STM32CubeIDE_1.13.2\STM32CubeIDE\plugins\com.st.stm32cube.common.mx_6.9.2.202309101412
2023-11-17 22:43:20,739 [INFO] PluginManage:196 - Search for loadable plugins [exclusion list=, ]
2023-11-17 22:43:20,739 [INFO] PluginManage:310 - Check plugin analytics
2023-11-17 22:43:21,026 [INFO] AnalyticsPlugin:253 - Accepted Software Licenses: 
2023-11-17 22:43:21,027 [INFO] AnalyticsPlugin:255 - Accepted CMSIS Pack Licenses: 
2023-11-17 22:43:21,027 [INFO] AnalyticsPlugin:257 - Accepted Firmware Licenses: 
2023-11-17 22:43:21,032 [INFO] PluginManage:359 - Loaded plugin analytics (category:tool,tabindex:-1)
2023-11-17 22:43:21,033 [INFO] PluginManage:310 - Check plugin cadmodel
2023-11-17 22:43:21,056 [INFO] CADModel:105 - Init CAD model plugin
2023-11-17 22:43:21,056 [INFO] PluginManage:359 - Loaded plugin cadmodel (category:power,tabindex:5)
2023-11-17 22:43:21,056 [INFO] PluginManage:310 - Check plugin clock
2023-11-17 22:43:21,093 [INFO] PluginManage:359 - Loaded plugin clock (category:base,tabindex:2)
2023-11-17 22:43:21,093 [INFO] PluginManage:310 - Check plugin ddr
2023-11-17 22:43:21,096 [INFO] PluginManage:359 - Loaded plugin ddr (category:tool,tabindex:6)
2023-11-17 22:43:21,096 [INFO] PluginManage:310 - Check plugin filemanager
2023-11-17 22:43:21,293 [INFO] PluginManage:359 - Loaded plugin filemanager (category:base,tabindex:10)
2023-11-17 22:43:21,293 [INFO] PluginManage:310 - Check plugin ipmanager
2023-11-17 22:43:21,305 [INFO] PluginManage:359 - Loaded plugin ipmanager (category:base,tabindex:5)
2023-11-17 22:43:21,305 [INFO] PluginManage:310 - Check plugin lpbam
2023-11-17 22:43:21,336 [INFO] PluginManage:359 - Loaded plugin lpbam (category:base,tabindex:0)
2023-11-17 22:43:21,337 [INFO] PluginManage:310 - Check plugin memorymap
2023-11-17 22:43:21,365 [INFO] PluginManage:359 - Loaded plugin memorymap (category:base,tabindex:4)
2023-11-17 22:43:21,366 [INFO] PluginManage:310 - Check plugin pinoutandconfiguration
2023-11-17 22:43:21,384 [INFO] PluginManage:359 - Loaded plugin pinoutandconfiguration (category:base,tabindex:1)
2023-11-17 22:43:21,384 [INFO] PluginManage:310 - Check plugin pinoutconfig
2023-11-17 22:43:21,508 [WARN] SupportedApi:132 - Cannot load RTOS API schema: s4s-elt-must-match.1: The content of 'definitions' must match (annotation?, (simpleType | complexType)?, (unique | key | keyref)*)). A problem was found starting at: attribute.
2023-11-17 22:43:21,666 [INFO] PluginManage:359 - Loaded plugin pinoutconfig (category:base,tabindex:0)
2023-11-17 22:43:21,666 [INFO] PluginManage:310 - Check plugin power
2023-11-17 22:43:21,692 [INFO] PluginManage:359 - Loaded plugin power (category:power,tabindex:4)
2023-11-17 22:43:21,693 [INFO] PluginManage:310 - Check plugin projectmanager
2023-11-17 22:43:21,712 [INFO] PluginManage:359 - Loaded plugin projectmanager (category:projectmanager,tabindex:3)
2023-11-17 22:43:21,712 [INFO] PluginManage:310 - Check plugin thirdparty
2023-11-17 22:43:22,076 [INFO] PluginManage:359 - Loaded plugin thirdparty (category:base,tabindex:-1)
2023-11-17 22:43:22,076 [INFO] PluginManage:310 - Check plugin tools
2023-11-17 22:43:22,076 [WARN] IntegrityCheckThread:84 - waiting for thirdparty lock release [integrity check]
2023-11-17 22:43:22,076 [INFO] IntegrityCheckThread:86 - entering critical section [integrity check]
2023-11-17 22:43:22,077 [INFO] ThirdPartyUpdaterWithRetryManager:70 - Updater plugin not ready yet. [1/15]
2023-11-17 22:43:22,110 [INFO] PluginManage:359 - Loaded plugin tools (category:base,tabindex:7)
2023-11-17 22:43:22,111 [INFO] PluginManage:310 - Check plugin tutovideos
2023-11-17 22:43:22,361 [INFO] PluginManage:359 - Loaded plugin tutovideos (category:base,tabindex:-1)
2023-11-17 22:43:22,361 [INFO] PluginManage:310 - Check plugin updater
2023-11-17 22:43:22,380 [INFO] PluginManage:359 - Loaded plugin updater (category:base,tabindex:12)
2023-11-17 22:43:22,380 [INFO] PluginManage:310 - Check plugin userauth
2023-11-17 22:43:22,412 [INFO] UserAuth:113 - Init User Auth plugin
2023-11-17 22:43:22,412 [INFO] PluginManage:359 - Loaded plugin userauth (category:base,tabindex:14)
2023-11-17 22:43:22,413 [INFO] PluginManage:283 - PluginManage : Loaded plugins [17]
2023-11-17 22:43:22,737 [INFO] PinOutPanel:1499 - setPackage(No Configuration,No Configuration)
2023-11-17 22:43:22,895 [INFO] CADModel:165 - CPN selected for project level
2023-11-17 22:43:22,895 [INFO] CADModel:114 - Register for checkConnection events
2023-11-17 22:43:22,927 [INFO] IPUIPlugin:80 - create IPUIPlugin
2023-11-17 22:43:22,927 [INFO] PluginManager:220 - loadIPPluginJar : add adc
2023-11-17 22:43:22,967 [INFO] IPUIPlugin:80 - create IPUIPlugin
2023-11-17 22:43:22,968 [INFO] PluginManager:220 - loadIPPluginJar : add aes
2023-11-17 22:43:23,008 [INFO] IPUIPlugin:80 - create IPUIPlugin
2023-11-17 22:43:23,008 [INFO] PluginManager:220 - loadIPPluginJar : add can
2023-11-17 22:43:23,028 [INFO] IPUIPlugin:80 - create IPUIPlugin
2023-11-17 22:43:23,029 [INFO] PluginManager:220 - loadIPPluginJar : add comp
2023-11-17 22:43:23,059 [INFO] IPUIPlugin:80 - create IPUIPlugin
2023-11-17 22:43:23,059 [INFO] PluginManager:220 - loadIPPluginJar : add cryp
2023-11-17 22:43:23,085 [INFO] IPUIPlugin:80 - create IPUIPlugin
2023-11-17 22:43:23,085 [INFO] PluginManager:220 - loadIPPluginJar : add dfsdm
2023-11-17 22:43:23,098 [INFO] IPUIPlugin:80 - create IPUIPlugin
2023-11-17 22:43:23,098 [INFO] PluginManager:220 - loadIPPluginJar : add dma
2023-11-17 22:43:23,141 [INFO] IPUIPlugin:80 - create IPUIPlugin
2023-11-17 22:43:23,141 [INFO] PluginManager:220 - loadIPPluginJar : add dma3
2023-11-17 22:43:23,160 [INFO] IPUIPlugin:80 - create IPUIPlugin
2023-11-17 22:43:23,160 [INFO] PluginManager:220 - loadIPPluginJar : add fatfs
2023-11-17 22:43:23,205 [INFO] IPUIPlugin:80 - create IPUIPlugin
2023-11-17 22:43:23,205 [INFO] PluginManager:220 - loadIPPluginJar : add fmc
2023-11-17 22:43:23,219 [INFO] IPUIPlugin:80 - create IPUIPlugin
2023-11-17 22:43:23,220 [INFO] PluginManager:220 - loadIPPluginJar : add freertos
2023-11-17 22:43:23,240 [INFO] IPUIPlugin:80 - create IPUIPlugin
2023-11-17 22:43:23,240 [INFO] PluginManager:220 - loadIPPluginJar : add genericplugin
2023-11-17 22:43:23,316 [INFO] IPUIPlugin:80 - create IPUIPlugin
2023-11-17 22:43:23,316 [INFO] PluginManager:220 - loadIPPluginJar : add gfxmmu
2023-11-17 22:43:23,435 [INFO] IPUIPlugin:80 - create IPUIPlugin
2023-11-17 22:43:23,435 [INFO] PluginManager:220 - loadIPPluginJar : add gic
2023-11-17 22:43:23,447 [INFO] IPUIPlugin:80 - create IPUIPlugin
2023-11-17 22:43:23,447 [INFO] PluginManager:220 - loadIPPluginJar : add gpio
2023-11-17 22:43:23,524 [INFO] IPUIPlugin:80 - create IPUIPlugin
2023-11-17 22:43:23,524 [INFO] PluginManager:220 - loadIPPluginJar : add gtzc
2023-11-17 22:43:23,551 [INFO] IPUIPlugin:80 - create IPUIPlugin
2023-11-17 22:43:23,551 [INFO] PluginManager:220 - loadIPPluginJar : add hash
2023-11-17 22:43:23,596 [INFO] IPUIPlugin:80 - create IPUIPlugin
2023-11-17 22:43:23,596 [INFO] PluginManager:220 - loadIPPluginJar : add i2c
2023-11-17 22:43:23,639 [INFO] IPUIPlugin:80 - create IPUIPlugin
2023-11-17 22:43:23,639 [INFO] PluginManager:220 - loadIPPluginJar : add i2s
2023-11-17 22:43:23,675 [INFO] IPUIPlugin:80 - create IPUIPlugin
2023-11-17 22:43:23,675 [INFO] PluginManager:220 - loadIPPluginJar : add i3c
2023-11-17 22:43:23,767 [INFO] IPUIPlugin:80 - create IPUIPlugin
2023-11-17 22:43:23,767 [INFO] PluginManager:220 - loadIPPluginJar : add ipddr
2023-11-17 22:43:23,849 [INFO] IPUIPlugin:80 - create IPUIPlugin
2023-11-17 22:43:23,849 [INFO] PluginManager:220 - loadIPPluginJar : add linkedlist
2023-11-17 22:43:23,894 [INFO] IPUIPlugin:80 - create IPUIPlugin
2023-11-17 22:43:23,894 [INFO] PluginManager:220 - loadIPPluginJar : add lorawan
2023-11-17 22:43:23,925 [INFO] IPUIPlugin:80 - create IPUIPlugin
2023-11-17 22:43:23,925 [INFO] PluginManager:220 - loadIPPluginJar : add ltdc
2023-11-17 22:43:23,965 [INFO] IPUIPlugin:80 - create IPUIPlugin
2023-11-17 22:43:23,966 [INFO] PluginManager:220 - loadIPPluginJar : add mdma
2023-11-17 22:43:23,982 [INFO] IPUIPlugin:80 - create IPUIPlugin
2023-11-17 22:43:23,982 [INFO] PluginManager:220 - loadIPPluginJar : add nvic
2023-11-17 22:43:24,025 [INFO] IPUIPlugin:80 - create IPUIPlugin
2023-11-17 22:43:24,025 [INFO] PluginManager:220 - loadIPPluginJar : add opamp
2023-11-17 22:43:24,085 [INFO] IPUIPlugin:80 - create IPUIPlugin
2023-11-17 22:43:24,085 [INFO] PluginManager:220 - loadIPPluginJar : add openamp
2023-11-17 22:43:24,128 [INFO] IPUIPlugin:80 - create IPUIPlugin
2023-11-17 22:43:24,128 [INFO] PluginManager:220 - loadIPPluginJar : add pdm2pcm
2023-11-17 22:43:24,153 [INFO] IPUIPlugin:80 - create IPUIPlugin
2023-11-17 22:43:24,156 [INFO] PluginManager:220 - loadIPPluginJar : add plateformsettings
2023-11-17 22:43:24,182 [INFO] IPUIPlugin:80 - create IPUIPlugin
2023-11-17 22:43:24,183 [INFO] PluginManager:220 - loadIPPluginJar : add quadspi
2023-11-17 22:43:24,196 [INFO] IPUIPlugin:80 - create IPUIPlugin
2023-11-17 22:43:24,196 [INFO] PluginManager:220 - loadIPPluginJar : add resmgrutility
2023-11-17 22:43:24,237 [INFO] IPUIPlugin:80 - create IPUIPlugin
2023-11-17 22:43:24,238 [INFO] PluginManager:220 - loadIPPluginJar : add sai
2023-11-17 22:43:24,269 [INFO] IPUIPlugin:80 - create IPUIPlugin
2023-11-17 22:43:24,269 [INFO] PluginManager:220 - loadIPPluginJar : add spi
2023-11-17 22:43:24,321 [INFO] IPUIPlugin:80 - create IPUIPlugin
2023-11-17 22:43:24,321 [INFO] PluginManager:220 - loadIPPluginJar : add stm32_wpan
2023-11-17 22:43:24,341 [INFO] IPUIPlugin:80 - create IPUIPlugin
2023-11-17 22:43:24,341 [INFO] PluginManager:220 - loadIPPluginJar : add tim
2023-11-17 22:43:24,395 [INFO] IPUIPlugin:80 - create IPUIPlugin
2023-11-17 22:43:24,395 [INFO] PluginManager:220 - loadIPPluginJar : add touchsensing
2023-11-17 22:43:24,415 [INFO] IPUIPlugin:80 - create IPUIPlugin
2023-11-17 22:43:24,415 [INFO] PluginManager:220 - loadIPPluginJar : add tracer_emb
2023-11-17 22:43:24,435 [INFO] IPUIPlugin:80 - create IPUIPlugin
2023-11-17 22:43:24,435 [INFO] PluginManager:220 - loadIPPluginJar : add ts
2023-11-17 22:43:24,453 [INFO] IPUIPlugin:80 - create IPUIPlugin
2023-11-17 22:43:24,453 [INFO] PluginManager:220 - loadIPPluginJar : add tsc
2023-11-17 22:43:24,476 [INFO] IPUIPlugin:80 - create IPUIPlugin
2023-11-17 22:43:24,476 [INFO] PluginManager:220 - loadIPPluginJar : add ucpd
2023-11-17 22:43:24,516 [INFO] IPUIPlugin:80 - create IPUIPlugin
2023-11-17 22:43:24,516 [INFO] PluginManager:220 - loadIPPluginJar : add usart
2023-11-17 22:43:24,554 [INFO] IPUIPlugin:80 - create IPUIPlugin
2023-11-17 22:43:24,554 [INFO] PluginManager:220 - loadIPPluginJar : add usbx
2023-11-17 22:43:24,704 [INFO] CADModel:165 - CPN selected for project level
2023-11-17 22:43:24,704 [INFO] CADModel:114 - Register for checkConnection events
2023-11-17 22:43:24,705 [FATAL] Updater:308 - Updater called before beeing initialized
2023-11-17 22:43:24,705 [ERROR] CADModel:125 - Updater not yet initialized, retry later 
2023-11-17 22:43:24,959 [INFO] CADModel:165 - CPN selected for project level
2023-11-17 22:43:24,959 [INFO] CADModel:114 - Register for checkConnection events
2023-11-17 22:43:24,959 [FATAL] Updater:308 - Updater called before beeing initialized
2023-11-17 22:43:24,959 [ERROR] CADModel:125 - Updater not yet initialized, retry later 
2023-11-17 22:43:24,965 [FATAL] Updater:308 - Updater called before beeing initialized
2023-11-17 22:43:25,077 [INFO] ThirdPartyUpdaterWithRetryManager:70 - Updater plugin not ready yet. [2/15]
2023-11-17 22:43:25,155 [FATAL] Updater:308 - Updater called before beeing initialized
2023-11-17 22:43:25,168 [INFO] DbMcusAds:53 - JSON generation date=Thu Sep 30 02:55:09 EDT 2021 (1632984909247)
2023-11-17 22:43:25,168 [FATAL] Updater:308 - Updater called before beeing initialized
2023-11-17 22:43:25,268 [WARN] DetailPanel:346 - Failed to get advertising image, set to default
2023-11-17 22:43:25,406 [FATAL] Updater:308 - Updater called before beeing initialized
2023-11-17 22:43:25,409 [FATAL] Updater:308 - Updater called before beeing initialized
2023-11-17 22:43:25,410 [FATAL] Updater:308 - Updater called before beeing initialized
2023-11-17 22:43:25,410 [WARN] DetailPanel:346 - Failed to get advertising image, set to default
2023-11-17 22:43:25,411 [FATAL] Updater:308 - Updater called before beeing initialized
2023-11-17 22:43:25,517 [ERROR] Updater:1120 - MainUpdater not yet initialized. External WinMGr cannot be set.
2023-11-17 22:43:25,533 [INFO] Updater:1056 - Updater Version found : 6.9.2
2023-11-17 22:43:25,559 [INFO] ApplicationProperties:184 - Using Application install path: C:\ST\STM32CubeIDE_1.13.2\STM32CubeIDE\plugins\com.st.stm32cube.common.mx_6.9.2.202309101412
2023-11-17 22:43:25,787 [INFO] MainUpdater:2868 - connection check result : 10
2023-11-17 22:43:25,788 [INFO] MainUpdater:3562 - Updater definition file requires update
2023-11-17 22:43:25,790 [INFO] MainUpdater:285 - Updater Check For Update Now.
2023-11-17 22:43:25,791 [INFO] MicroXplorer:498 - Change Database Version : DB.6.0.92
2023-11-17 22:43:25,820 [INFO] McuFinderGlobals:63 - Set McuFinder mode to 2 (CubeIDE integrated)
2023-11-17 22:43:25,820 [INFO] UserAuth:179 - activating auth plugin
2023-11-17 22:43:25,826 [INFO] UserAuth:393 - Internet connection configuration mode: 1
2023-11-17 22:43:25,831 [INFO] ServerAccessManage:473 - Download File updaters.zip
2023-11-17 22:43:25,876 [INFO] JxBrowserEngine:151 - Initiate JxBrowser Engine with user profile folder
2023-11-17 22:43:25,989 [INFO] FileExtend:240 - Unzip File : updaters.zip
2023-11-17 22:43:25,989 [INFO] FileExtend:255 - Standard Zip Deflate
2023-11-17 22:43:26,522 [INFO] ServerAccessManage:473 - Download File PacksControlFlags.xml
2023-11-17 22:43:26,662 [INFO] ServerAccessManage:473 - Download File cubemx.pidx
2023-11-17 22:43:27,389 [INFO] ServerAccessManage:473 - Download File STMicroelectronics.FP-SNS-MOTENVWB1.pdsc
2023-11-17 22:43:27,907 [INFO] ServerAccessManage:473 - Download File STMicroelectronics.X-CUBE-BLEMGR.pdsc
2023-11-17 22:43:28,080 [WARN] MainUpdater:1189 - Updater busy. Cannot search thirdparties
2023-11-17 22:43:28,081 [INFO] ThirdPartyUpdaterWithRetryManager:96 - Updater plugin is busy. [1/15]
2023-11-17 22:43:28,365 [INFO] ServerAccessManage:473 - Download File STMicroelectronics.X-CUBE-EEPRMA1.pdsc
2023-11-17 22:43:29,441 [ERROR] ServerAccessManage:1089 - Problem, file not found on Server
2023-11-17 22:43:29,900 [INFO] ServerAccessManage:473 - Download File STMicroelectronics.X-CUBE-MEMS1.pdsc
2023-11-17 22:43:30,610 [INFO] WebApp:157 - Instantiating new browser for Auth
2023-11-17 22:43:31,082 [WARN] MainUpdater:1189 - Updater busy. Cannot search thirdparties
2023-11-17 22:43:31,082 [INFO] ThirdPartyUpdaterWithRetryManager:96 - Updater plugin is busy. [2/15]
2023-11-17 22:43:31,615 [INFO] WebApp:753 - Register for checkConnection events
2023-11-17 22:43:31,615 [INFO] WebApp:390 - Apply proxy settings
2023-11-17 22:43:31,616 [INFO] WebApp:475 - Chromium requires no authentication
2023-11-17 22:43:31,635 [INFO] WebApp:418 - Direct internet connection detected
2023-11-17 22:43:32,099 [INFO] WebApp:188 - Starting web application
2023-11-17 22:43:32,099 [INFO] WebApp:520 - Web application path used C:\ST\STM32CubeIDE_1.13.2\STM32CubeIDE\plugins\com.st.stm32cube.common.mx_6.9.2.202309101412\db\plugins\mcufinder\reactClient1\index.html
2023-11-17 22:43:32,755 [ERROR] ServerAccessManage:1096 - Problem, Http access forbiden
2023-11-17 22:43:32,756 [ERROR] ServerAccessManage:651 - Problem, Http access forbiden : RoweBots.I-CUBE-UNISONRTOS.pdsc.
2023-11-17 22:43:33,095 [WARN] PackLoader:240 - Cannot read IP mode file for STMicroelectronics.FP-SNS-MOTENVWB1.1.3.0
2023-11-17 22:43:33,142 [WARN] PackLoader:240 - Cannot read IP mode file for STMicroelectronics.X-CUBE-BLEMGR.3.0.0
2023-11-17 22:43:33,170 [WARN] PackLoader:240 - Cannot read IP mode file for STMicroelectronics.X-CUBE-EEPRMA1.4.2.0
2023-11-17 22:43:33,302 [INFO] CheckServerUpdateThread:120 - End of CheckServer Thread
2023-11-17 22:43:33,332 [WARN] PackLoader:240 - Cannot read IP mode file for STMicroelectronics.X-CUBE-MEMS1.10.0.0
2023-11-17 22:43:33,651 [INFO] PopulateThirdPartyThread:66 - Ending populate Thread
2023-11-17 22:43:33,653 [INFO] ThirdParty:1030 - CMSIS Pack Vendor :STMicroelectronics X-CUBE-MEMS1 10.0.0
2023-11-17 22:43:33,654 [INFO] ThirdParty:1030 - CMSIS Pack Vendor :STMicroelectronics FP-SNS-MOTENVWB1 1.3.0
2023-11-17 22:43:33,654 [INFO] ThirdParty:1030 - CMSIS Pack Vendor :STMicroelectronics X-CUBE-BLEMGR 3.0.0
2023-11-17 22:43:33,654 [INFO] ThirdParty:1030 - CMSIS Pack Vendor :STMicroelectronics X-CUBE-EEPRMA1 4.2.0
2023-11-17 22:43:33,654 [INFO] LoadServerUpdatesThread:373 - End of LoadServerUpdate Thread
2023-11-17 22:43:34,326 [WARN] PackLoader:240 - Cannot read IP mode file for STMicroelectronics.X-CUBE-SMBUS.2.1.0
2023-11-17 22:43:34,371 [WARN] PackLoader:240 - Cannot read IP mode file for STMicroelectronics.X-CUBE-AZRTOS-F7.1.1.0
2023-11-17 22:43:34,396 [WARN] PackLoader:240 - Cannot read IP mode file for STMicroelectronics.FP-SNS-MOTENV1.4.3.2
2023-11-17 22:43:34,406 [WARN] PackLoader:240 - Cannot read IP mode file for STMicroelectronics.FP-SNS-FLIGHT1.5.0.2
2023-11-17 22:43:34,429 [WARN] PackLoader:240 - Cannot read IP mode file for STMicroelectronics.X-CUBE-DISPLAY.3.0.0
2023-11-17 22:43:34,459 [WARN] PackLoader:240 - Cannot read IP mode file for STMicroelectronics.X-CUBE-BLE1.7.0.0
2023-11-17 22:43:34,479 [WARN] PackLoader:240 - Cannot read IP mode file for emotas.I-CUBE-CANOPEN.1.3.0
2023-11-17 22:43:34,498 [WARN] PackLoader:240 - Cannot read IP mode file for STMicroelectronics.X-CUBE-TOUCHGFX.4.22.1
2023-11-17 22:43:34,515 [WARN] PackLoader:240 - Cannot read IP mode file for STMicroelectronics.FP-SNS-SMARTAG2.1.2.0
2023-11-17 22:43:34,543 [INFO] LogOutputStream:77 - [STDOUT_REDIRECT] 1 : Invalid condition id : UX_CORESTACK_Condition cause : null
2023-11-17 22:43:34,544 [INFO] LogOutputStream:77 - [STDOUT_REDIRECT] 1 : Invalid condition id : UX_CORESTACK_Condition cause : null
2023-11-17 22:43:34,546 [INFO] LogOutputStream:77 - [STDOUT_REDIRECT] 1 : Invalid condition id : UX_CORESTACK_Condition cause : null
2023-11-17 22:43:34,548 [INFO] LogOutputStream:77 - [STDOUT_REDIRECT] 1 : Invalid condition id : UX_CORESTACK_Condition cause : null
2023-11-17 22:43:34,551 [INFO] LogOutputStream:77 - [STDOUT_REDIRECT] 1 : Invalid condition id : UX_CORESTACK_Condition cause : null
2023-11-17 22:43:34,556 [WARN] PackLoader:240 - Cannot read IP mode file for STMicroelectronics.X-CUBE-AZRTOS-WL.2.0.0
2023-11-17 22:43:34,577 [WARN] PackLoader:240 - Cannot read IP mode file for WES.I-CUBE-Cesium.1.3.0
2023-11-17 22:43:34,596 [WARN] PackLoader:240 - Cannot read IP mode file for STMicroelectronics.X-CUBE-BLE2.3.3.0
2023-11-17 22:43:34,619 [WARN] PackLoader:240 - Cannot read IP mode file for STMicroelectronics.X-CUBE-ALGOBUILD.1.3.0
2023-11-17 22:43:34,666 [WARN] PackLoader:240 - Cannot read IP mode file for STMicroelectronics.X-CUBE-AZRTOS-G0.1.1.0
2023-11-17 22:43:34,692 [WARN] PackLoader:240 - Cannot read IP mode file for STMicroelectronics.X-CUBE-NFC4.3.0.0
2023-11-17 22:43:34,712 [WARN] PackLoader:240 - Cannot read IP mode file for STMicroelectronics.X-CUBE-BLEMGR.3.0.0
2023-11-17 22:43:34,725 [WARN] PackLoader:240 - Cannot read IP mode file for STMicroelectronics.FP-ATR-SIGFOX1.3.2.0
2023-11-17 22:43:34,803 [WARN] PackLoader:240 - Cannot read IP mode file for SEGGER.I-CUBE-embOS.1.3.1
2023-11-17 22:43:34,868 [WARN] PackLoader:240 - Cannot read IP mode file for STMicroelectronics.X-CUBE-GNSS1.6.0.0
2023-11-17 22:43:34,915 [WARN] PackLoader:240 - Cannot read IP mode file for STMicroelectronics.X-CUBE-AZRTOS-F4.1.1.0
2023-11-17 22:43:34,935 [WARN] PackLoader:240 - Cannot read IP mode file for wolfSSL.I-CUBE-wolfSSL.5.6.3
2023-11-17 22:43:34,980 [WARN] PackLoader:240 - Cannot read IP mode file for STMicroelectronics.X-CUBE-AZRTOS-L5.2.0.0
2023-11-17 22:43:35,053 [WARN] PackLoader:240 - Cannot read IP mode file for STMicroelectronics.X-CUBE-MEMS1.9.6.0
2023-11-17 22:43:35,241 [WARN] PackLoader:240 - Cannot read IP mode file for STMicroelectronics.X-CUBE-EEPRMA1.4.2.0
2023-11-17 22:43:35,260 [WARN] PackLoader:240 - Cannot read IP mode file for ITTIA_DB.I-CUBE-ITTIADB.8.8.0
2023-11-17 22:43:35,281 [WARN] PackLoader:240 - Cannot read IP mode file for STMicroelectronics.X-CUBE-BLEMGR.2.0.0
2023-11-17 22:43:35,334 [WARN] ConditionMgr:438 - getConditionDescription Invalid condition id : UX DEVICE CLASS RTOS Condition cause : null
2023-11-17 22:43:35,335 [WARN] ConditionMgr:438 - getConditionDescription Invalid condition id : UX DEVICE CLASS RTOS Condition cause : null
2023-11-17 22:43:35,338 [WARN] PackLoader:240 - Cannot read IP mode file for STMicroelectronics.X-CUBE-AZRTOS-H7.3.1.0
2023-11-17 22:43:35,339 [WARN] ConditionMgr:1039 - genDependencies : Invalid condition id : UX DEVICE CLASS RTOS Condition cause : null
2023-11-17 22:43:35,340 [WARN] ConditionMgr:1039 - genDependencies : Invalid condition id : UX DEVICE CLASS RTOS Condition cause : null
2023-11-17 22:43:35,341 [WARN] ConditionMgr:1039 - genDependencies : Invalid condition id : UX DEVICE CLASS RTOS Condition cause : null
2023-11-17 22:43:35,342 [WARN] ConditionMgr:1039 - genDependencies : Invalid condition id : UX DEVICE CLASS RTOS Condition cause : null
2023-11-17 22:43:35,342 [WARN] ConditionMgr:1039 - genDependencies : Invalid condition id : UX DEVICE CLASS RTOS Condition cause : null
2023-11-17 22:43:35,363 [WARN] PackLoader:240 - Cannot read IP mode file for STMicroelectronics.X-CUBE-NFC7.1.0.1
2023-11-17 22:43:35,385 [WARN] PackLoader:240 - Cannot read IP mode file for STMicroelectronics.X-CUBE-NFC6.3.0.0
2023-11-17 22:43:35,408 [WARN] PackLoader:240 - Cannot read IP mode file for STMicroelectronics.X-CUBE-EEPRMA1.4.1.0
2023-11-17 22:43:35,428 [WARN] PackLoader:240 - Cannot read IP mode file for STMicroelectronics.X-CUBE-AI.8.1.0
2023-11-17 22:43:35,474 [WARN] ConditionMgr:438 - getConditionDescription Invalid condition id : LAN8742 Phy interface Condition cause : null
2023-11-17 22:43:35,475 [WARN] PackLoader:240 - Cannot read IP mode file for STMicroelectronics.X-CUBE-AZRTOS-L4.2.0.0
2023-11-17 22:43:35,477 [WARN] ConditionMgr:1039 - genDependencies : Invalid condition id : LAN8742 Phy interface Condition cause : null
2023-11-17 22:43:35,477 [WARN] ConditionMgr:1039 - genDependencies : Invalid condition id : LAN8742 Phy interface Condition cause : null
2023-11-17 22:43:35,478 [WARN] ConditionMgr:1039 - genDependencies : Invalid condition id : LAN8742 Phy interface Condition cause : null
2023-11-17 22:43:35,501 [WARN] PackLoader:240 - Cannot read IP mode file for STMicroelectronics.X-CUBE-SFXS2LP1.4.0.0
2023-11-17 22:43:35,519 [WARN] PackLoader:240 - Cannot read IP mode file for STMicroelectronics.X-CUBE-ISPU.1.1.0
2023-11-17 22:43:35,561 [WARN] ConditionMgr:438 - getConditionDescription Invalid condition id : UX DEVICE CLASS RTOS Condition cause : null
2023-11-17 22:43:35,561 [WARN] ConditionMgr:438 - getConditionDescription Invalid condition id : UX DEVICE CLASS RTOS Condition cause : null
2023-11-17 22:43:35,565 [WARN] PackLoader:240 - Cannot read IP mode file for STMicroelectronics.X-CUBE-AZRTOS-WB.2.0.0
2023-11-17 22:43:35,567 [WARN] ConditionMgr:1039 - genDependencies : Invalid condition id : UX DEVICE CLASS RTOS Condition cause : null
2023-11-17 22:43:35,567 [WARN] ConditionMgr:1039 - genDependencies : Invalid condition id : UX DEVICE CLASS RTOS Condition cause : null
2023-11-17 22:43:35,567 [WARN] ConditionMgr:1039 - genDependencies : Invalid condition id : UX DEVICE CLASS RTOS Condition cause : null
2023-11-17 22:43:35,568 [WARN] ConditionMgr:1039 - genDependencies : Invalid condition id : UX DEVICE CLASS RTOS Condition cause : null
2023-11-17 22:43:35,568 [WARN] ConditionMgr:1039 - genDependencies : Invalid condition id : UX DEVICE CLASS RTOS Condition cause : null
2023-11-17 22:43:35,599 [WARN] PackLoader:240 - Cannot read IP mode file for STMicroelectronics.X-CUBE-SUBG2.5.0.0
2023-11-17 22:43:35,633 [WARN] PackLoader:240 - Cannot read IP mode file for STMicroelectronics.X-CUBE-TOF1.3.3.1
2023-11-17 22:43:35,697 [WARN] PackLoader:240 - Cannot read IP mode file for STMicroelectronics.X-CUBE-AZRTOS-G4.2.0.0
2023-11-17 22:43:35,739 [WARN] PackLoader:240 - Cannot read IP mode file for Infineon.AIROC-Wi-Fi-Bluetooth-STM32.1.5.1
2023-11-17 22:43:35,748 [WARN] PackLoader:240 - Cannot read IP mode file for STMicroelectronics.FP-SNS-MOTENVWB1.1.3.0
2023-11-17 22:43:35,805 [WARN] PackLoader:240 - Cannot read IP mode file for STMicroelectronics.X-CUBE-MEMS1.10.0.0
2023-11-17 22:43:35,953 [WARN] PackLoader:240 - Cannot read IP mode file for STMicroelectronics.X-CUBE-FREERTOS.1.1.0
2023-11-17 22:43:35,973 [WARN] PackLoader:240 - Cannot read IP mode file for portGmbH.I-Cube-SoM-uGOAL.1.1.0
2023-11-17 22:43:35,992 [WARN] PackLoader:240 - Cannot read IP mode file for STMicroelectronics.X-CUBE-ALS.1.0.1
2023-11-17 22:43:36,000 [WARN] PackLoader:240 - Cannot read IP mode file for STMicroelectronics.FP-ATR-ASTRA1.2.0.0
2023-11-17 22:43:36,001 [INFO] ThirdParty:978 - Integrity check success = true
2023-11-17 22:43:36,001 [INFO] IntegrityCheckThread:100 - exiting critical section [integrity check]
2023-11-17 22:43:36,001 [INFO] IntegrityCheckThread:103 - End integrity checks thread
2023-11-17 22:43:53,248 [ERROR] LogOutputStream:75 - [STDERR_REDIRECT] SLF4J: Failed to load class "org.slf4j.impl.StaticLoggerBinder".
2023-11-17 22:43:53,249 [ERROR] LogOutputStream:75 - [STDERR_REDIRECT] SLF4J: Defaulting to no-operation (NOP) logger implementation
2023-11-17 22:43:53,252 [ERROR] LogOutputStream:75 - [STDERR_REDIRECT] SLF4J: See http://www.slf4j.org/codes.html#StaticLoggerBinder for further details.
2023-11-17 23:40:56,707 [INFO] McuFinderGlobals:63 - Set McuFinder mode to 2 (CubeIDE integrated)
2023-11-17 23:40:56,740 [INFO] MainUpdater:2868 - connection check result : 10
2023-11-17 23:40:56,771 [INFO] McuFinderGlobals:76 - Set McuFinderConnectedMode to true
2023-11-17 23:40:57,140 [INFO] ServerAccessManage:473 - Download File mcusAds.json._tmp_
2023-11-17 23:40:57,261 [INFO] LoadUrlFilesThread:156 - End of LoadUrlFiles Thread
2023-11-17 23:40:57,751 [INFO] ServerAccessManage:473 - Download File cube-finder-db.zip
2023-11-17 23:41:00,779 [INFO] FileExtend:240 - Unzip File : cube-finder-db.zip
2023-11-17 23:41:00,779 [INFO] FileExtend:255 - Standard Zip Deflate
2023-11-17 23:41:02,180 [INFO] LoadUrlFilesThread:156 - End of LoadUrlFiles Thread
2023-11-17 23:41:02,858 [INFO] ServerAccessManage:473 - Download File crdb.zip
2023-11-17 23:41:03,593 [INFO] FileExtend:240 - Unzip File : crdb.zip
2023-11-17 23:41:03,593 [INFO] FileExtend:255 - Standard Zip Deflate
2023-11-17 23:41:03,760 [INFO] LoadUrlFilesThread:156 - End of LoadUrlFiles Thread
2023-11-17 23:41:03,967 [INFO] ServerAccessManage:473 - Download File tutoVideoDB.zip
2023-11-17 23:41:03,980 [INFO] FileExtend:240 - Unzip File : tutoVideoDB.zip
2023-11-17 23:41:03,981 [INFO] FileExtend:255 - Standard Zip Deflate
2023-11-17 23:41:04,108 [INFO] LoadUrlFilesThread:156 - End of LoadUrlFiles Thread
2023-11-17 23:41:04,110 [WARN] DbFile:41 - Overriding database path with different value: C:\Users\Chris\.stmcufinder\plugins\mcufinder/ => C:\Users\Chris\.stmcufinder\plugins\mcufinder
2023-11-17 23:41:04,315 [INFO] ServerAccessManage:473 - Download File api_config.json
2023-11-17 23:41:04,423 [INFO] LoadUrlFilesThread:156 - End of LoadUrlFiles Thread
2023-11-17 23:41:04,424 [INFO] DbMcusAds:53 - JSON generation date=Tue Mar 07 03:50:55 EST 2023 (1678179055335)
2023-11-17 23:41:04,566 [INFO] ServerAccessManage:473 - Download File 
2023-11-17 23:41:04,590 [INFO] LoadUrlFilesThread:185 - End of LoadServerUrlFiles without Thread
2023-11-17 23:41:04,591 [INFO] TargetSelectorAdapter:259 - Refresh data is successful
2023-11-17 23:41:04,791 [INFO] ApiDb:581 - Connected to CubeFinder SQLite database (C:\Users\Chris\.stmcufinder\plugins\mcufinder\mcu\cube-finder-db.db)
2023-11-17 23:41:04,945 [INFO] ApiDb:668 - CubeFinder database Data Model version=2.1
2023-11-17 23:41:04,945 [INFO] ApiDb:669 - CubeFinder database Configuration version=3.0.37
2023-11-17 23:41:04,946 [INFO] ApiDb:670 - CubeFinder database generation date=2023-10-13 (1697197505)
2023-11-17 23:41:04,946 [INFO] ApiDb:671 - CubeFinder database FW Pack versions=[FP-ATR-ASTRA1_V2.0.0, FP-SNS-FLIGHT1_V5.0.1, FP-SNS-FLIGHT1_V5.0.2, FP-SNS-MOTENV1_V4.3.1, FP-SNS-MOTENV1_V4.3.2, FP-SNS-SMARTAG2_V1.2.0, I-CUBE-ITTIADB_V8.6.3-1, STM32Cube_FW_C0_V1.1.0, STM32Cube_FW_F4_V1.27.1, STM32Cube_FW_F7_V1.17.0, STM32Cube_FW_G0_V1.6.1, STM32Cube_FW_G4_V1.5.1, STM32Cube_FW_H5_V0.5.1, STM32Cube_FW_H5_V1.1.1, STM32Cube_FW_H7_V1.11.0, STM32Cube_FW_L0_V1.12.2, STM32Cube_FW_L5_V1.5.0, STM32Cube_FW_U5_V1.3.0, STM32Cube_FW_U5_V1.3.0RC4, STM32Cube_FW_WBA_V1.0.0RC1, STM32Cube_FW_WBA_V1.1.0RC1, STM32Cube_FW_WBA_V1.1.1, STM32Cube_FW_WB_V1.15.0RC1, STM32Cube_FW_WB_V1.16.0, STM32Cube_FW_WB_V1.16.0RC2, STM32Cube_FW_WB_V1.17.3, STM32Cube_FW_WL_V1.3.0, X-CUBE-ALGOBUILD_V1.3.0, X-CUBE-ALS_V1.0.1, X-CUBE-AZRTOS-F4_V1.1.0, X-CUBE-AZRTOS-F7_V1.1.0, X-CUBE-AZRTOS-G0_V1.1.0, X-CUBE-AZRTOS-G4_V2.0.0, X-CUBE-AZRTOS-H7_V3.1.0, X-CUBE-AZRTOS-L4_V1.0.0, X-CUBE-AZRTOS-L4_V2.0.0, X-CUBE-AZRTOS-L5_V1.1.0, X-CUBE-AZRTOS-WB_V2.0.0, X-CUBE-AZRTOS-WL_V2.0.0, X-CUBE-BLE1_V7.0.0, X-CUBE-BLE2_V3.3.0, X-CUBE-BLEMGR_V2.0.0, X-CUBE-EEPRMA1_V4.1.0, X-CUBE-FREERTOS_V1.1.0, X-CUBE-GNSS1_V6.0.0, X-CUBE-MEMS1_V10.0.0, X-CUBE-MEMS1_V9.1.0, X-CUBE-MEMS1_V9.4.0, X-CUBE-MEMS1_V9.6.0, X-CUBE-NFC4_V3.0.0, X-CUBE-NFC7_V1.0.1, X-CUBE-SFXS2LP1_V4.0.0, X-CUBE-SUBG2_V5.0.0, X-CUBE-TOF1_V3.3.1]
2023-11-17 23:41:08,442 [INFO] ApiDb:240 - Found 323 in-development CPN: [B-G473E-ZEST1S, B-WB1M-WPAN1, B-WL5M-SUBG1, NUCLEO-C031C6, NUCLEO-H503RB, NUCLEO-H563ZI, NUCLEO-U545RE-Q, NUCLEO-U5A5ZJ-Q, NUCLEO-WBA52CG, STEVAL-PROTEUS1, STEVAL-SMARTAG2, STEVAL-STWINBX1, STM320518-EVAL, STM32C0116-DK, STM32C011D6Y3TR, STM32C011D6Y6TR, STM32C011F4P3, STM32C011F4P6, STM32C011F4U3, STM32C011F4U6TR, STM32C011F6P3, STM32C011F6P6, STM32C011F6U3, STM32C011F6U6TR, STM32C011J4M3, STM32C011J4M6, STM32C011J6M3, STM32C011J6M6, STM32C0316-DK, STM32C031C4T3, STM32C031C4T6, STM32C031C4U3, STM32C031C4U6, STM32C031C6T3, STM32C031C6T6, STM32C031C6U3, STM32C031C6U6, STM32C031F4P3, STM32C031F4P6, STM32C031F6P3, STM32C031F6P6, STM32C031G4U3, STM32C031G4U6, STM32C031G6U3, STM32C031G6U6, STM32C031K4T3, STM32C031K4T6, STM32C031K4U3, STM32C031K4U6, STM32C031K6T3, STM32C031K6T6, STM32C031K6U3, STM32C031K6U6, STM32G071K8TXN, STM32G071K8UXN, STM32G081GBU6N, STM32G081KBT6N, STM32G081KBUXN, STM32G0B1CCT6N, STM32G0B1KCT6, STM32G0B1NEY6TR, STM32G0B1RCT6N, STM32G0C1CCT6, STM32G0C1CCT6N, STM32G0C1CCU6N, STM32G0C1CET6N, STM32G0C1CEU6N, STM32G0C1KCT6, STM32G0C1NEY6TR, STM32G0C1RCI6N, STM32G0C1RCT6N, STM32G0C1REI6N, STM32G0C1RET6N, STM32G0C1VCI6, STM32G0C1VEI6, STM32G471CCT6, STM32G471CCU6, STM32G471CET3, STM32G471CET6, STM32G471CEU3, STM32G471CEU6, STM32G471MCT6, STM32G471MET3, STM32G471MET6, STM32G471MEY6TR, STM32G471QCT6, STM32G471QET3, STM32G471RCT6, STM32G471RET3, STM32G471RET6, STM32G471VCH6, STM32G471VCI6, STM32G471VCT6, STM32G471VEH3, STM32G471VEH6, STM32G471VEI3, STM32G471VEI6, STM32G471VET3, STM32G471VET6, STM32G474CCT6, STM32H503CBT6, STM32H503CBU6, STM32H503EBY6TR, STM32H503KBU6, STM32H503RBT6, STM32H562AGI6, STM32H562AII6, STM32H562IGK6, STM32H562IGT6, STM32H562IIK6, STM32H562IIT6, STM32H562RGT6, STM32H562RGV6, STM32H562RIT6, STM32H562RIV6, STM32H562VGT6, STM32H562VIT6, STM32H562ZGT6, STM32H562ZIT6, STM32H563AGI6, STM32H563AII3Q, STM32H563AII6, STM32H563IGK6, STM32H563IGT6, STM32H563IIK3Q, STM32H563IIK6, STM32H563IIT3Q, STM32H563IIT6, STM32H563MIY3QTR, STM32H563RGT6, STM32H563RGV6, STM32H563RIT6, STM32H563RIV6, STM32H563VGT6, STM32H563VIT3Q, STM32H563VIT6, STM32H563ZGT6, STM32H563ZIT3Q, STM32H563ZIT6, STM32H573AII3Q, STM32H573AII6, STM32H573I-DK, STM32H573IIK3Q, STM32H573IIK6, STM32H573IIT3Q, STM32H573IIT6, STM32H573MIY3QTR, STM32H573RIT6, STM32H573RIV6, STM32H573VIT3Q, STM32H573VIT6, STM32H573ZIT3Q, STM32H573ZIT6, STM32L4R5QGI6STR, STM32MP131AAE3, STM32MP131AAF3, STM32MP131AAG3, STM32MP131CAE3, STM32MP131CAF3, STM32MP131CAG3, STM32MP131DAE7, STM32MP131DAF7, STM32MP131DAG7, STM32MP131FAE7, STM32MP131FAF7, STM32MP131FAG7, STM32MP133AAE3, STM32MP133AAF3, STM32MP133AAG3, STM32MP133CAE3, STM32MP133CAF3, STM32MP133CAG3, STM32MP133DAE7, STM32MP133DAF7, STM32MP133DAG7, STM32MP133FAE7, STM32MP133FAF7, STM32MP133FAG7, STM32MP135AAE3, STM32MP135AAF3, STM32MP135AAG3, STM32MP135CAE3, STM32MP135CAF3, STM32MP135CAG3, STM32MP135DAE7, STM32MP135DAF7, STM32MP135DAG7, STM32MP135F-DK, STM32MP135FAE7, STM32MP135FAF7, STM32MP135FAF7T, STM32MP135FAF7U, STM32MP135FAG7, STM32U535CBT6, STM32U535CBT6Q, STM32U535CBU6, STM32U535CBU6Q, STM32U535CCT6, STM32U535CCT6Q, STM32U535CCU6, STM32U535CCU6Q, STM32U535CET6, STM32U535CET6Q, STM32U535CEU6, STM32U535CEU6Q, STM32U535JEY6QTR, STM32U535NCY6QTR, STM32U535NEY6QTR, STM32U535RBI6, STM32U535RBI6Q, STM32U535RBT6, STM32U535RBT6Q, STM32U535RCI6, STM32U535RCI6Q, STM32U535RCT6, STM32U535RCT6Q, STM32U535REI6, STM32U535REI6Q, STM32U535RET6, STM32U535RET6Q, STM32U535VCI6, STM32U535VCI6Q, STM32U535VCT6, STM32U535VCT6Q, STM32U535VEI6, STM32U535VEI6Q, STM32U535VET6, STM32U535VET6Q, STM32U545CET6, STM32U545CET6Q, STM32U545CEU6, STM32U545CEU6Q, STM32U545JEY6QTR, STM32U545NEY6QTR, STM32U545REI6, STM32U545REI6Q, STM32U545RET6, STM32U545RET6Q, STM32U545VEI6, STM32U545VEI6Q, STM32U545VET6, STM32U545VET6Q, STM32U595AIH6, STM32U595AIH6Q, STM32U595AJH6, STM32U595AJH6Q, STM32U595QII6, STM32U595QII6Q, STM32U595QJI6, STM32U595QJI6Q, STM32U595RIT6, STM32U595RIT6Q, STM32U595RJT6, STM32U595RJT6Q, STM32U595VIT6, STM32U595VIT6Q, STM32U595VJT6, STM32U595VJT6Q, STM32U595ZIT6, STM32U595ZIT6Q, STM32U595ZIY6QTR, STM32U595ZJT6, STM32U595ZJT6Q, STM32U595ZJY6QTR, STM32U599BJY6QTR, STM32U599NIH6Q, STM32U599NJH6Q, STM32U599VIT6Q, STM32U599VJT6, STM32U599VJT6Q, STM32U599ZIT6Q, STM32U599ZIY6QTR, STM32U599ZJT6Q, STM32U599ZJY6QTR, STM32U5A5AJH6, STM32U5A5AJH6Q, STM32U5A5QJI6, STM32U5A5QJI6Q, STM32U5A5RJT6, STM32U5A5RJT6Q, STM32U5A5VJT6, STM32U5A5VJT6Q, STM32U5A5ZJT6, STM32U5A5ZJT6Q, STM32U5A5ZJY6QTR, STM32U5A9BJY6QTR, STM32U5A9J-DK, STM32U5A9NJH6Q, STM32U5A9VJT6Q, STM32U5A9ZJT6Q, STM32U5A9ZJY6QTR, STM32U5F7VIT6, STM32U5F7VIT6Q, STM32U5F7VJT6, STM32U5F7VJT6Q, STM32U5F9BJY6QTR, STM32U5F9NJH6Q, STM32U5F9VIT6Q, STM32U5F9VJT6Q, STM32U5F9ZIJ6QTR, STM32U5F9ZIT6Q, STM32U5F9ZJJ6QTR, STM32U5F9ZJT6Q, STM32U5G7VJT6, STM32U5G7VJT6Q, STM32U5G9BJY6QTR, STM32U5G9J-DK1, STM32U5G9J-DK2, STM32U5G9NJH6Q, STM32U5G9VJT6Q, STM32U5G9ZJJ6QTR, STM32U5G9ZJT6Q, STM32WB1MMCH6, STM32WBA52CEU6, STM32WBA52CEU6T, STM32WBA52CGU6, STM32WBA52CGU6T, STM32WBA52KEU6, STM32WBA52KEU6T, STM32WBA52KGU6, STM32WBA52KGU6T, STM32WL5MOCH6, STM32WL5MOCH6TR]
2023-11-17 23:41:08,453 [INFO] DbMcus:217 - Found 3848 MCUs, 3848 are supported
2023-11-17 23:41:08,455 [INFO] ApiDb:414 - User favorites file not found: C:\Users\Chris/.stm32cubeide/favorites.mcus.txt
2023-11-17 23:41:08,455 [INFO] DbMcus:223 - Set 0 / 0 favorites MCUs
2023-11-17 23:41:08,872 [INFO] ApiDb:668 - CubeFinder database Data Model version=2.1
2023-11-17 23:41:08,872 [INFO] ApiDb:669 - CubeFinder database Configuration version=3.0.37
2023-11-17 23:41:08,872 [INFO] ApiDb:670 - CubeFinder database generation date=2023-10-13 (1697197505)
2023-11-17 23:41:08,872 [INFO] ApiDb:671 - CubeFinder database FW Pack versions=[FP-ATR-ASTRA1_V2.0.0, FP-SNS-FLIGHT1_V5.0.1, FP-SNS-FLIGHT1_V5.0.2, FP-SNS-MOTENV1_V4.3.1, FP-SNS-MOTENV1_V4.3.2, FP-SNS-SMARTAG2_V1.2.0, I-CUBE-ITTIADB_V8.6.3-1, STM32Cube_FW_C0_V1.1.0, STM32Cube_FW_F4_V1.27.1, STM32Cube_FW_F7_V1.17.0, STM32Cube_FW_G0_V1.6.1, STM32Cube_FW_G4_V1.5.1, STM32Cube_FW_H5_V0.5.1, STM32Cube_FW_H5_V1.1.1, STM32Cube_FW_H7_V1.11.0, STM32Cube_FW_L0_V1.12.2, STM32Cube_FW_L5_V1.5.0, STM32Cube_FW_U5_V1.3.0, STM32Cube_FW_U5_V1.3.0RC4, STM32Cube_FW_WBA_V1.0.0RC1, STM32Cube_FW_WBA_V1.1.0RC1, STM32Cube_FW_WBA_V1.1.1, STM32Cube_FW_WB_V1.15.0RC1, STM32Cube_FW_WB_V1.16.0, STM32Cube_FW_WB_V1.16.0RC2, STM32Cube_FW_WB_V1.17.3, STM32Cube_FW_WL_V1.3.0, X-CUBE-ALGOBUILD_V1.3.0, X-CUBE-ALS_V1.0.1, X-CUBE-AZRTOS-F4_V1.1.0, X-CUBE-AZRTOS-F7_V1.1.0, X-CUBE-AZRTOS-G0_V1.1.0, X-CUBE-AZRTOS-G4_V2.0.0, X-CUBE-AZRTOS-H7_V3.1.0, X-CUBE-AZRTOS-L4_V1.0.0, X-CUBE-AZRTOS-L4_V2.0.0, X-CUBE-AZRTOS-L5_V1.1.0, X-CUBE-AZRTOS-WB_V2.0.0, X-CUBE-AZRTOS-WL_V2.0.0, X-CUBE-BLE1_V7.0.0, X-CUBE-BLE2_V3.3.0, X-CUBE-BLEMGR_V2.0.0, X-CUBE-EEPRMA1_V4.1.0, X-CUBE-FREERTOS_V1.1.0, X-CUBE-GNSS1_V6.0.0, X-CUBE-MEMS1_V10.0.0, X-CUBE-MEMS1_V9.1.0, X-CUBE-MEMS1_V9.4.0, X-CUBE-MEMS1_V9.6.0, X-CUBE-NFC4_V3.0.0, X-CUBE-NFC7_V1.0.1, X-CUBE-SFXS2LP1_V4.0.0, X-CUBE-SUBG2_V5.0.0, X-CUBE-TOF1_V3.3.1]
2023-11-17 23:41:09,067 [INFO] DbBoardsSqlite:226 - include board P-NUCLEO-WB55-NUCLEO as a kit item of type 'Nucleo-64'
2023-11-17 23:41:09,068 [INFO] DbBoardsSqlite:226 - include board P-NUCLEO-WB55-USBDONGLE as a kit item of type 'Nucleo USB Dongle'
2023-11-17 23:41:09,068 [INFO] DbBoardsSqlite:226 - include board STEVAL-IDP005V1 as a kit item of type 'Evaluation Board'
2023-11-17 23:41:09,069 [INFO] DbBoardsSqlite:226 - include board STEVAL-IDP005V2 as a kit item of type 'Evaluation Board'
2023-11-17 23:41:09,170 [INFO] ApiDb:240 - Found 323 in-development CPN: [B-G473E-ZEST1S, B-WB1M-WPAN1, B-WL5M-SUBG1, NUCLEO-C031C6, NUCLEO-H503RB, NUCLEO-H563ZI, NUCLEO-U545RE-Q, NUCLEO-U5A5ZJ-Q, NUCLEO-WBA52CG, STEVAL-PROTEUS1, STEVAL-SMARTAG2, STEVAL-STWINBX1, STM320518-EVAL, STM32C0116-DK, STM32C011D6Y3TR, STM32C011D6Y6TR, STM32C011F4P3, STM32C011F4P6, STM32C011F4U3, STM32C011F4U6TR, STM32C011F6P3, STM32C011F6P6, STM32C011F6U3, STM32C011F6U6TR, STM32C011J4M3, STM32C011J4M6, STM32C011J6M3, STM32C011J6M6, STM32C0316-DK, STM32C031C4T3, STM32C031C4T6, STM32C031C4U3, STM32C031C4U6, STM32C031C6T3, STM32C031C6T6, STM32C031C6U3, STM32C031C6U6, STM32C031F4P3, STM32C031F4P6, STM32C031F6P3, STM32C031F6P6, STM32C031G4U3, STM32C031G4U6, STM32C031G6U3, STM32C031G6U6, STM32C031K4T3, STM32C031K4T6, STM32C031K4U3, STM32C031K4U6, STM32C031K6T3, STM32C031K6T6, STM32C031K6U3, STM32C031K6U6, STM32G071K8TXN, STM32G071K8UXN, STM32G081GBU6N, STM32G081KBT6N, STM32G081KBUXN, STM32G0B1CCT6N, STM32G0B1KCT6, STM32G0B1NEY6TR, STM32G0B1RCT6N, STM32G0C1CCT6, STM32G0C1CCT6N, STM32G0C1CCU6N, STM32G0C1CET6N, STM32G0C1CEU6N, STM32G0C1KCT6, STM32G0C1NEY6TR, STM32G0C1RCI6N, STM32G0C1RCT6N, STM32G0C1REI6N, STM32G0C1RET6N, STM32G0C1VCI6, STM32G0C1VEI6, STM32G471CCT6, STM32G471CCU6, STM32G471CET3, STM32G471CET6, STM32G471CEU3, STM32G471CEU6, STM32G471MCT6, STM32G471MET3, STM32G471MET6, STM32G471MEY6TR, STM32G471QCT6, STM32G471QET3, STM32G471RCT6, STM32G471RET3, STM32G471RET6, STM32G471VCH6, STM32G471VCI6, STM32G471VCT6, STM32G471VEH3, STM32G471VEH6, STM32G471VEI3, STM32G471VEI6, STM32G471VET3, STM32G471VET6, STM32G474CCT6, STM32H503CBT6, STM32H503CBU6, STM32H503EBY6TR, STM32H503KBU6, STM32H503RBT6, STM32H562AGI6, STM32H562AII6, STM32H562IGK6, STM32H562IGT6, STM32H562IIK6, STM32H562IIT6, STM32H562RGT6, STM32H562RGV6, STM32H562RIT6, STM32H562RIV6, STM32H562VGT6, STM32H562VIT6, STM32H562ZGT6, STM32H562ZIT6, STM32H563AGI6, STM32H563AII3Q, STM32H563AII6, STM32H563IGK6, STM32H563IGT6, STM32H563IIK3Q, STM32H563IIK6, STM32H563IIT3Q, STM32H563IIT6, STM32H563MIY3QTR, STM32H563RGT6, STM32H563RGV6, STM32H563RIT6, STM32H563RIV6, STM32H563VGT6, STM32H563VIT3Q, STM32H563VIT6, STM32H563ZGT6, STM32H563ZIT3Q, STM32H563ZIT6, STM32H573AII3Q, STM32H573AII6, STM32H573I-DK, STM32H573IIK3Q, STM32H573IIK6, STM32H573IIT3Q, STM32H573IIT6, STM32H573MIY3QTR, STM32H573RIT6, STM32H573RIV6, STM32H573VIT3Q, STM32H573VIT6, STM32H573ZIT3Q, STM32H573ZIT6, STM32L4R5QGI6STR, STM32MP131AAE3, STM32MP131AAF3, STM32MP131AAG3, STM32MP131CAE3, STM32MP131CAF3, STM32MP131CAG3, STM32MP131DAE7, STM32MP131DAF7, STM32MP131DAG7, STM32MP131FAE7, STM32MP131FAF7, STM32MP131FAG7, STM32MP133AAE3, STM32MP133AAF3, STM32MP133AAG3, STM32MP133CAE3, STM32MP133CAF3, STM32MP133CAG3, STM32MP133DAE7, STM32MP133DAF7, STM32MP133DAG7, STM32MP133FAE7, STM32MP133FAF7, STM32MP133FAG7, STM32MP135AAE3, STM32MP135AAF3, STM32MP135AAG3, STM32MP135CAE3, STM32MP135CAF3, STM32MP135CAG3, STM32MP135DAE7, STM32MP135DAF7, STM32MP135DAG7, STM32MP135F-DK, STM32MP135FAE7, STM32MP135FAF7, STM32MP135FAF7T, STM32MP135FAF7U, STM32MP135FAG7, STM32U535CBT6, STM32U535CBT6Q, STM32U535CBU6, STM32U535CBU6Q, STM32U535CCT6, STM32U535CCT6Q, STM32U535CCU6, STM32U535CCU6Q, STM32U535CET6, STM32U535CET6Q, STM32U535CEU6, STM32U535CEU6Q, STM32U535JEY6QTR, STM32U535NCY6QTR, STM32U535NEY6QTR, STM32U535RBI6, STM32U535RBI6Q, STM32U535RBT6, STM32U535RBT6Q, STM32U535RCI6, STM32U535RCI6Q, STM32U535RCT6, STM32U535RCT6Q, STM32U535REI6, STM32U535REI6Q, STM32U535RET6, STM32U535RET6Q, STM32U535VCI6, STM32U535VCI6Q, STM32U535VCT6, STM32U535VCT6Q, STM32U535VEI6, STM32U535VEI6Q, STM32U535VET6, STM32U535VET6Q, STM32U545CET6, STM32U545CET6Q, STM32U545CEU6, STM32U545CEU6Q, STM32U545JEY6QTR, STM32U545NEY6QTR, STM32U545REI6, STM32U545REI6Q, STM32U545RET6, STM32U545RET6Q, STM32U545VEI6, STM32U545VEI6Q, STM32U545VET6, STM32U545VET6Q, STM32U595AIH6, STM32U595AIH6Q, STM32U595AJH6, STM32U595AJH6Q, STM32U595QII6, STM32U595QII6Q, STM32U595QJI6, STM32U595QJI6Q, STM32U595RIT6, STM32U595RIT6Q, STM32U595RJT6, STM32U595RJT6Q, STM32U595VIT6, STM32U595VIT6Q, STM32U595VJT6, STM32U595VJT6Q, STM32U595ZIT6, STM32U595ZIT6Q, STM32U595ZIY6QTR, STM32U595ZJT6, STM32U595ZJT6Q, STM32U595ZJY6QTR, STM32U599BJY6QTR, STM32U599NIH6Q, STM32U599NJH6Q, STM32U599VIT6Q, STM32U599VJT6, STM32U599VJT6Q, STM32U599ZIT6Q, STM32U599ZIY6QTR, STM32U599ZJT6Q, STM32U599ZJY6QTR, STM32U5A5AJH6, STM32U5A5AJH6Q, STM32U5A5QJI6, STM32U5A5QJI6Q, STM32U5A5RJT6, STM32U5A5RJT6Q, STM32U5A5VJT6, STM32U5A5VJT6Q, STM32U5A5ZJT6, STM32U5A5ZJT6Q, STM32U5A5ZJY6QTR, STM32U5A9BJY6QTR, STM32U5A9J-DK, STM32U5A9NJH6Q, STM32U5A9VJT6Q, STM32U5A9ZJT6Q, STM32U5A9ZJY6QTR, STM32U5F7VIT6, STM32U5F7VIT6Q, STM32U5F7VJT6, STM32U5F7VJT6Q, STM32U5F9BJY6QTR, STM32U5F9NJH6Q, STM32U5F9VIT6Q, STM32U5F9VJT6Q, STM32U5F9ZIJ6QTR, STM32U5F9ZIT6Q, STM32U5F9ZJJ6QTR, STM32U5F9ZJT6Q, STM32U5G7VJT6, STM32U5G7VJT6Q, STM32U5G9BJY6QTR, STM32U5G9J-DK1, STM32U5G9J-DK2, STM32U5G9NJH6Q, STM32U5G9VJT6Q, STM32U5G9ZJJ6QTR, STM32U5G9ZJT6Q, STM32WB1MMCH6, STM32WBA52CEU6, STM32WBA52CEU6T, STM32WBA52CGU6, STM32WBA52CGU6T, STM32WBA52KEU6, STM32WBA52KEU6T, STM32WBA52KGU6, STM32WBA52KGU6T, STM32WL5MOCH6, STM32WL5MOCH6TR]
2023-11-17 23:41:09,395 [INFO] BoardInfo:880 - No configuration file found for board P-NUCLEO-WB55
2023-11-17 23:41:09,395 [INFO] DbBoards:157 - Kit is not supported: P-NUCLEO-WB55
2023-11-17 23:41:09,403 [INFO] BoardInfo:880 - No configuration file found for board STEVAL-BFA001V1B
2023-11-17 23:41:09,403 [INFO] DbBoards:157 - Kit is not supported: STEVAL-BFA001V1B
2023-11-17 23:41:09,404 [INFO] BoardInfo:880 - No configuration file found for board STEVAL-BFA001V2B
2023-11-17 23:41:09,404 [INFO] DbBoards:157 - Kit is not supported: STEVAL-BFA001V2B
2023-11-17 23:41:09,710 [INFO] DbBoards:161 - Found 190 boards, 187 are supported
2023-11-17 23:41:09,715 [INFO] ApiDb:414 - User favorites file not found: C:\Users\Chris/.stm32cubeide/favorites.boards.txt
2023-11-17 23:41:09,715 [INFO] DbBoards:190 - Set 0 / 0 favorites Boards
2023-11-17 23:41:09,721 [INFO] ApiDb:668 - CubeFinder database Data Model version=2.1
2023-11-17 23:41:09,721 [INFO] ApiDb:669 - CubeFinder database Configuration version=3.0.37
2023-11-17 23:41:09,721 [INFO] ApiDb:670 - CubeFinder database generation date=2023-10-13 (1697197505)
2023-11-17 23:41:09,722 [INFO] ApiDb:671 - CubeFinder database FW Pack versions=[FP-ATR-ASTRA1_V2.0.0, FP-SNS-FLIGHT1_V5.0.1, FP-SNS-FLIGHT1_V5.0.2, FP-SNS-MOTENV1_V4.3.1, FP-SNS-MOTENV1_V4.3.2, FP-SNS-SMARTAG2_V1.2.0, I-CUBE-ITTIADB_V8.6.3-1, STM32Cube_FW_C0_V1.1.0, STM32Cube_FW_F4_V1.27.1, STM32Cube_FW_F7_V1.17.0, STM32Cube_FW_G0_V1.6.1, STM32Cube_FW_G4_V1.5.1, STM32Cube_FW_H5_V0.5.1, STM32Cube_FW_H5_V1.1.1, STM32Cube_FW_H7_V1.11.0, STM32Cube_FW_L0_V1.12.2, STM32Cube_FW_L5_V1.5.0, STM32Cube_FW_U5_V1.3.0, STM32Cube_FW_U5_V1.3.0RC4, STM32Cube_FW_WBA_V1.0.0RC1, STM32Cube_FW_WBA_V1.1.0RC1, STM32Cube_FW_WBA_V1.1.1, STM32Cube_FW_WB_V1.15.0RC1, STM32Cube_FW_WB_V1.16.0, STM32Cube_FW_WB_V1.16.0RC2, STM32Cube_FW_WB_V1.17.3, STM32Cube_FW_WL_V1.3.0, X-CUBE-ALGOBUILD_V1.3.0, X-CUBE-ALS_V1.0.1, X-CUBE-AZRTOS-F4_V1.1.0, X-CUBE-AZRTOS-F7_V1.1.0, X-CUBE-AZRTOS-G0_V1.1.0, X-CUBE-AZRTOS-G4_V2.0.0, X-CUBE-AZRTOS-H7_V3.1.0, X-CUBE-AZRTOS-L4_V1.0.0, X-CUBE-AZRTOS-L4_V2.0.0, X-CUBE-AZRTOS-L5_V1.1.0, X-CUBE-AZRTOS-WB_V2.0.0, X-CUBE-AZRTOS-WL_V2.0.0, X-CUBE-BLE1_V7.0.0, X-CUBE-BLE2_V3.3.0, X-CUBE-BLEMGR_V2.0.0, X-CUBE-EEPRMA1_V4.1.0, X-CUBE-FREERTOS_V1.1.0, X-CUBE-GNSS1_V6.0.0, X-CUBE-MEMS1_V10.0.0, X-CUBE-MEMS1_V9.1.0, X-CUBE-MEMS1_V9.4.0, X-CUBE-MEMS1_V9.6.0, X-CUBE-NFC4_V3.0.0, X-CUBE-NFC7_V1.0.1, X-CUBE-SFXS2LP1_V4.0.0, X-CUBE-SUBG2_V5.0.0, X-CUBE-TOF1_V3.3.1]
2023-11-17 23:41:10,899 [ERROR] DbExamplesSqlite:437 - Missing JSON key: board_cpn
2023-11-17 23:41:10,900 [ERROR] DbExamplesSqlite:437 - Missing JSON key: board_cpn
2023-11-17 23:41:10,900 [ERROR] DbExamplesSqlite:437 - Missing JSON key: board_cpn
2023-11-17 23:41:10,901 [ERROR] DbExamplesSqlite:437 - Missing JSON key: board_cpn
2023-11-17 23:41:10,914 [INFO] DbExamplesSqlite:395 - Ignored 27 examples not supported by CubeIDE
2023-11-17 23:41:10,915 [INFO] DbExamplesSqlite:396 - Found 7221 examples active
2023-11-17 23:41:10,915 [INFO] DbExamplesSqlite:397 - Found 777 examples obsolete
2023-11-17 23:41:10,915 [INFO] DbExamplesSqlite:398 - Found 0 examples under development
2023-11-17 23:41:10,915 [INFO] DbExamplesSqlite:399 - Found 74 examples not building
2023-11-17 23:41:10,917 [INFO] DbExamples:125 - Found 7268 examples
2023-11-17 23:41:10,935 [INFO] DbExamples:222 - Found 93 boards with related examples
2023-11-17 23:41:10,936 [INFO] DbExamples:235 - Found 79 MCUs with related examples
2023-11-17 23:41:10,966 [INFO] ApiDb:414 - User favorites file not found: C:\Users\Chris/.stm32cubeide/favorites.examples.txt
2023-11-17 23:41:10,966 [INFO] DbExamples:250 - Set 0 / 0 favorites Examples
2023-11-17 23:41:11,655 [INFO] McuFinderGlobals:76 - Set McuFinderConnectedMode to true
2023-11-17 23:41:11,670 [INFO] MultiScanPanel:200 - Auto-refresh data requested => check proxy status ongoing
2023-11-17 23:41:11,675 [INFO] FinderPluginLoader:95 - Searching for filters in installed packs
2023-11-17 23:41:13,697 [INFO] LoadUrlFilesThread:185 - End of LoadServerUrlFiles without Thread
2023-11-17 23:41:13,706 [INFO] DetailPanel:341 - Set advertising image to C:/Users/Chris/STM32Cube/Repository/\en.prom-stm32h5-mcu-finder.jpg
2023-11-17 23:42:14,349 [INFO] MultiScanPanel:200 - Auto-refresh data requested => check proxy status ongoing
2023-11-17 23:42:14,580 [INFO] LoadUrlFilesThread:185 - End of LoadServerUrlFiles without Thread
2023-11-17 23:42:14,581 [INFO] DetailPanel:341 - Set advertising image to C:/Users/Chris/STM32Cube/Repository/\en.prom-stm32h5-mcu-finder.jpg
2023-11-17 23:42:14,599 [INFO] DbBoards:634 - Loading board mini-images...
2023-11-17 23:42:16,882 [INFO] DbBoards:657 - Loaded 190 board mini-images
2023-11-17 23:44:23,822 [INFO] MainUpdater:2868 - connection check result : 10
2023-11-17 23:44:23,823 [INFO] MainUpdater:2868 - connection check result : 10
2023-11-17 23:44:23,887 [INFO] MicroXplorer:468 - Change Database Path : 
2023-11-17 23:44:23,888 [INFO] MicroXplorer:498 - Change Database Version : DB.6.0.92
2023-11-17 23:44:23,897 [WARN] ThirdParty:871 - waiting for thirdparty lock release [close project]
2023-11-17 23:44:23,897 [INFO] ThirdParty:873 - entering critical section [close project]
2023-11-17 23:44:23,899 [INFO] ThirdParty:883 - exiting critical section [close project]
2023-11-17 23:44:23,903 [INFO] PinOutPanel:1499 - setPackage(No Configuration,No Configuration)
2023-11-17 23:44:23,919 [INFO] UtilMem:75 - Begin LoadConfig() Used Memory: 466264304 Bytes (688914432)
2023-11-17 23:44:23,929 [INFO] OpenFileManager:308 - Change cursor
2023-11-17 23:44:24,021 [INFO] ProjectFactory:402 - No CPN specified for board NUCLEO-G431RB => set CPN to STM32G431RBT6
2023-11-17 23:44:24,022 [INFO] Mcu:1946 - Initializing MCU STM32G431R(6-8-B)Tx STM32G431RBTx STM32G431RBT6
2023-11-17 23:44:31,405 [INFO] Context:659 - Trying to add GPIOservice into a context  which must be forbidden
2023-11-17 23:44:33,147 [INFO] Rule:228 - rule 117617 - U5Cobra4M][GTZC] default value MPCBB3 and MPCBB5 - Not Secured memory - MPCBB1 is applicable
2023-11-17 23:44:33,147 [INFO] Rule:228 - rule 117617 - U5Cobra4M][GTZC] default value MPCBB3 and MPCBB5 - Not Secured memory - MPCBB1 is applicable
2023-11-17 23:44:33,147 [INFO] Rule:228 - rule 117617 - U5Cobra4M][GTZC] default value MPCBB3 and MPCBB5 - Not Secured memory - MPCBB2 is applicable
2023-11-17 23:44:33,147 [INFO] Rule:228 - rule 117617 - U5Cobra4M][GTZC] default value MPCBB3 and MPCBB5 - Not Secured memory - MPCBB2 is applicable
2023-11-17 23:44:33,147 [INFO] Rule:228 - rule 117617 - U5Cobra4M][GTZC] default value MPCBB3 and MPCBB5 - Not Secured memory - MPCBB3 is applicable
2023-11-17 23:44:33,147 [INFO] Rule:228 - rule 117617 - U5Cobra4M][GTZC] default value MPCBB3 and MPCBB5 - Not Secured memory - MPCBB3 is applicable
2023-11-17 23:44:33,148 [INFO] Rule:228 - rule 117617 - U5Cobra4M][GTZC] default value MPCBB3 and MPCBB5 - Not Secured memory - MPCBB4 is applicable
2023-11-17 23:44:33,148 [INFO] Rule:228 - rule 117617 - U5Cobra4M][GTZC] default value MPCBB3 and MPCBB5 - Not Secured memory - MPCBB4 is applicable
2023-11-17 23:44:33,148 [INFO] Rule:228 - rule 117617 - U5Cobra4M][GTZC] default value MPCBB3 and MPCBB5 - Secured memory - MPCBB1 is applicable
2023-11-17 23:44:33,148 [INFO] Rule:228 - rule 117617 - U5Cobra4M][GTZC] default value MPCBB3 and MPCBB5 - Secured memory - MPCBB2 is applicable
2023-11-17 23:44:33,148 [INFO] Rule:228 - rule 117617 - U5Cobra4M][GTZC] default value MPCBB3 and MPCBB5 - Secured memory - MPCBB3 is applicable
2023-11-17 23:44:33,148 [INFO] Rule:228 - rule 117617 - U5Cobra4M][GTZC] default value MPCBB3 and MPCBB5 - Secured memory - MPCBB4 is applicable
2023-11-17 23:44:33,148 [INFO] Rule:228 - rule 117617 - U5Cobra4M][GTZC] default value MPCBB3 and MPCBB5 - Privileged memory - MPCBB1 is applicable
2023-11-17 23:44:33,148 [INFO] Rule:228 - rule 117617 - U5Cobra4M][GTZC] default value MPCBB3 and MPCBB5 - Privileged memory - MPCBB2 is applicable
2023-11-17 23:44:33,148 [INFO] Rule:228 - rule 117617 - U5Cobra4M][GTZC] default value MPCBB3 and MPCBB5 - Privileged memory - MPCBB3 is applicable
2023-11-17 23:44:33,149 [INFO] Rule:228 - rule 117617 - U5Cobra4M][GTZC] default value MPCBB3 and MPCBB5 - Privileged memory - MPCBB4 is applicable
2023-11-17 23:44:33,149 [INFO] Rule:228 - rule 117617 - U5Cobra4M][GTZC] default value MPCBB3 and MPCBB5 - Not Privileged memory - MPCBB1 is applicable
2023-11-17 23:44:33,149 [INFO] Rule:228 - rule 117617 - U5Cobra4M][GTZC] default value MPCBB3 and MPCBB5 - Not Privileged memory - MPCBB2 is applicable
2023-11-17 23:44:33,149 [INFO] Rule:228 - rule 117617 - U5Cobra4M][GTZC] default value MPCBB3 and MPCBB5 - Not Privileged memory - MPCBB3 is applicable
2023-11-17 23:44:33,149 [INFO] Rule:228 - rule 117617 - U5Cobra4M][GTZC] default value MPCBB3 and MPCBB5 - Not Privileged memory - MPCBB4 is applicable
2023-11-17 23:44:33,149 [INFO] Rule:228 - rule 117617 - U5Cobra4M][GTZC] default value MPCBB3 and MPCBB5 - Privileged memory - MPCBB1 is applicable
2023-11-17 23:44:33,149 [INFO] Rule:228 - rule 117617 - U5Cobra4M][GTZC] default value MPCBB3 and MPCBB5 - Privileged memory - MPCBB2 is applicable
2023-11-17 23:44:33,149 [INFO] Rule:228 - rule 117617 - U5Cobra4M][GTZC] default value MPCBB3 and MPCBB5 - Privileged memory - MPCBB3 is applicable
2023-11-17 23:44:33,150 [INFO] Rule:228 - rule 117617 - U5Cobra4M][GTZC] default value MPCBB3 and MPCBB5 - Privileged memory - MPCBB4 is applicable
2023-11-17 23:44:33,150 [INFO] Rule:228 - rule 117617 - U5Cobra4M][GTZC] default value MPCBB3 and MPCBB5 - Privileged memory - MPCBB1 is applicable
2023-11-17 23:44:33,150 [INFO] Rule:228 - rule 117617 - U5Cobra4M][GTZC] default value MPCBB3 and MPCBB5 - Privileged memory - MPCBB2 is applicable
2023-11-17 23:44:33,150 [INFO] Rule:228 - rule 117617 - U5Cobra4M][GTZC] default value MPCBB3 and MPCBB5 - Privileged memory - MPCBB3 is applicable
2023-11-17 23:44:33,150 [INFO] Rule:228 - rule 117617 - U5Cobra4M][GTZC] default value MPCBB3 and MPCBB5 - Privileged memory - MPCBB4 is applicable
2023-11-17 23:44:33,150 [INFO] Rule:228 - rule 117617 - U5Cobra4M][GTZC] default value MPCBB3 and MPCBB5 - Not Privileged memory - MPCBB1 is applicable
2023-11-17 23:44:33,151 [INFO] Rule:228 - rule 117617 - U5Cobra4M][GTZC] default value MPCBB3 and MPCBB5 - Not Privileged memory - MPCBB2 is applicable
2023-11-17 23:44:33,151 [INFO] Rule:228 - rule 117617 - U5Cobra4M][GTZC] default value MPCBB3 and MPCBB5 - Not Privileged memory - MPCBB3 is applicable
2023-11-17 23:44:33,151 [INFO] Rule:228 - rule 117617 - U5Cobra4M][GTZC] default value MPCBB3 and MPCBB5 - Not Privileged memory - MPCBB4 is applicable
2023-11-17 23:44:33,151 [INFO] Rule:228 - rule 117617 - U5Cobra4M][GTZC] default value MPCBB3 and MPCBB5 - Privileged memory - MPCBB1 is applicable
2023-11-17 23:44:33,151 [INFO] Rule:228 - rule 117617 - U5Cobra4M][GTZC] default value MPCBB3 and MPCBB5 - Privileged memory - MPCBB2 is applicable
2023-11-17 23:44:33,151 [INFO] Rule:228 - rule 117617 - U5Cobra4M][GTZC] default value MPCBB3 and MPCBB5 - Privileged memory - MPCBB3 is applicable
2023-11-17 23:44:33,151 [INFO] Rule:228 - rule 117617 - U5Cobra4M][GTZC] default value MPCBB3 and MPCBB5 - Privileged memory - MPCBB4 is applicable
2023-11-17 23:44:33,151 [INFO] Rule:228 - rule Rename SubGHz_Phy SUBGHZ_APPLICATION SUBGHZ_PINGPONG to SUBGHZ_ADV_APPLICATION is applicable
2023-11-17 23:44:33,152 [INFO] Rule:228 - rule Rename Enabled to IBEACON is applicable
2023-11-17 23:44:33,152 [INFO] Rule:228 - rule GTZC_S instance for project manager is applicable
2023-11-17 23:44:33,152 [INFO] Rule:228 - rule GTZC_S instance for context M33S is applicable
2023-11-17 23:44:33,152 [INFO] Rule:228 - rule GTZC_S instance value for IP GTZC is applicable
2023-11-17 23:44:33,152 [INFO] Rule:228 - rule GTZC_S instance for mcu.IP is applicable
2023-11-17 23:44:33,152 [INFO] Rule:228 - rule GTZC_S instance for VP is applicable
2023-11-17 23:44:33,152 [INFO] Rule:228 - rule GTZC_S instance for signal is applicable
2023-11-17 23:44:33,152 [INFO] Rule:228 - rule GTZC_S instance for mcu.Pin is applicable
2023-11-17 23:44:33,152 [INFO] Rule:228 - rule GTZC_S instance for VP is applicable
2023-11-17 23:44:33,153 [INFO] Rule:228 - rule GTZC_S instance for signal is applicable
2023-11-17 23:44:33,153 [INFO] Rule:228 - rule GTZC_S instance for mcu is applicable
2023-11-17 23:44:33,153 [INFO] Rule:228 - rule GTZC_S instance for mcu.Pin is applicable
2023-11-17 23:44:33,153 [INFO] Rule:228 - rule GTZC_S instance value for IP GTZC is applicable
2023-11-17 23:44:33,153 [INFO] Rule:228 - rule GTZC_S instance for project manager is applicable
2023-11-17 23:44:33,153 [INFO] Rule:228 - rule GTZC_S instance for context M33S is applicable
2023-11-17 23:44:33,154 [INFO] Rule:228 - rule GTZC_S instance for VP is applicable
2023-11-17 23:44:33,154 [INFO] Rule:228 - rule GTZC_S instance for signal is applicable
2023-11-17 23:44:33,154 [INFO] Rule:228 - rule WakeUp0 Mode is applicable
2023-11-17 23:44:33,154 [INFO] Rule:228 - rule WakeUp0 SIGNAL is applicable
2023-11-17 23:44:33,154 [INFO] Rule:228 - rule WakeUp1 Mode is applicable
2023-11-17 23:44:33,154 [INFO] Rule:228 - rule WakeUp1 SIGNAL is applicable
2023-11-17 23:44:33,154 [INFO] Rule:228 - rule WakeUp2 Mode is applicable
2023-11-17 23:44:33,154 [INFO] Rule:228 - rule WakeUp2 SIGNAL is applicable
2023-11-17 23:44:33,154 [INFO] Rule:228 - rule WakeUp4 Mode is applicable
2023-11-17 23:44:33,154 [INFO] Rule:228 - rule WakeUp4 SIGNAL is applicable
2023-11-17 23:44:33,154 [INFO] Rule:228 - rule WakeUp5 Mode is applicable
2023-11-17 23:44:33,155 [INFO] Rule:228 - rule WakeUp5 SIGNAL is applicable
2023-11-17 23:44:33,155 [INFO] Rule:228 - rule Change Default Value for LSE Drive Capability for WB family is applicable
2023-11-17 23:44:33,155 [INFO] Rule:228 - rule Change Default Value for ADC Clock Prescaler G0 family is applicable
2023-11-17 23:44:33,155 [INFO] Rule:228 - rule Change USART1CLockSelection refparam name for MP1 is applicable
2023-11-17 23:44:33,155 [INFO] Rule:228 - rule Change USART2CLockSelection refparam name for MP1 is applicable
2023-11-17 23:44:33,156 [INFO] Rule:228 - rule Change USART3CLockSelection refparam name for MP1 is applicable
2023-11-17 23:44:33,156 [INFO] Rule:228 - rule Change UART4CLockSelection refparam name for MP1 is applicable
2023-11-17 23:44:33,156 [INFO] Rule:228 - rule Change UART5CLockSelection refparam name for MP1 is applicable
2023-11-17 23:44:33,156 [INFO] Rule:228 - rule Change LPUART1CLockSelection refparam name for MP1 is applicable
2023-11-17 23:44:33,156 [INFO] Rule:228 - rule Change LPTIM1CLockSelection refparam name for MP1 is applicable
2023-11-17 23:44:33,156 [INFO] Rule:228 - rule Change LPTIM2CLockSelection refparam name for MP1 is applicable
2023-11-17 23:44:33,156 [INFO] Rule:228 - rule Change RCC_MCO1Source refparam name for MP1 is applicable
2023-11-17 23:44:33,156 [INFO] Rule:228 - rule Change LSCOSource1 refparam name for MP1 is applicable
2023-11-17 23:44:33,156 [INFO] Rule:228 - rule Change SMPSCLockSelection refparam name for MP1 is applicable
2023-11-17 23:44:33,157 [INFO] Rule:228 - rule Change LPTIM3CLockSelection refparam name for MP1 is applicable
2023-11-17 23:44:33,157 [INFO] Rule:228 - rule Change MPCBB* Default Template Mode to Parameters is applicable
2023-11-17 23:44:33,157 [INFO] Rule:228 - rule Change MPCWM* or MPCBB* Secure Mode to Parameters is applicable
2023-11-17 23:44:33,157 [INFO] Rule:228 - rule Change MPCWM* or MPCBB* No Secure Mode to Parameters is applicable
2023-11-17 23:44:33,157 [INFO] Rule:228 - rule Change TZSC IP Secure Mode to Parameters is applicable
2023-11-17 23:44:33,157 [INFO] Rule:228 - rule Change TZSC IP No Secure Mode to Parameters is applicable
2023-11-17 23:44:33,157 [INFO] Rule:228 - rule Change TZSC IP Privilege Mode to Parameters is applicable
2023-11-17 23:44:33,157 [INFO] Rule:228 - rule Change TZSC IP No Privilege Mode to Parameters is applicable
2023-11-17 23:44:33,157 [INFO] Rule:228 - rule Change TZIC IT Secure Mode to Parameters is applicable
2023-11-17 23:44:33,157 [INFO] Rule:228 - rule Change TZIC IT No Secure Mode to Parameters is applicable
2023-11-17 23:44:33,158 [INFO] Rule:228 - rule Add MPCBB1_NonSecureArea_Start_Address value with referenced to MPCBB1_NonSecureArea_Start value is applicable
2023-11-17 23:44:33,158 [INFO] Rule:228 - rule Add MPCBB2_NonSecureArea_Start_Address value with referenced to MPCBB2_NonSecureArea_Start value is applicable
2023-11-17 23:44:33,158 [INFO] Rule:228 - rule Add MPCWM1_NonSecureArea*_Start_Address value with referenced to MPCWM1_NonSecureArea*_Start value is applicable
2023-11-17 23:44:33,158 [INFO] Rule:228 - rule Add MPCWM2_NonSecureArea*_Start_Address value with referenced to MPCWM2_NonSecureArea*_Start value is applicable
2023-11-17 23:44:33,158 [INFO] Rule:228 - rule Add MPCWM3_NonSecureArea_Start_Address value with referenced to MPCWM3_NonSecureArea_Start value is applicable
2023-11-17 23:44:33,158 [INFO] Rule:228 - rule Change Default Value for PLL1UserDefinedConfig is applicable
2023-11-17 23:44:33,158 [INFO] Rule:228 - rule OPAMP is applicable
2023-11-17 23:44:33,158 [INFO] Rule:228 - rule LPUART IPParameter rename Prescaler parameter to ClockPrescaler for STM32H7 is applicable
2023-11-17 23:44:33,158 [INFO] Rule:228 - rule LPUART IPParameter rename Prescaler parameter to ClockPrescaler for STM32H7 is applicable
2023-11-17 23:44:33,158 [INFO] Rule:228 - rule LPUART IPParameter rename Prescaler parameter to ClockPrescaler for STM32WB is applicable
2023-11-17 23:44:33,158 [INFO] Rule:228 - rule LPUART IPParameter rename Prescaler parameter to ClockPrescaler for STM32WB is applicable
2023-11-17 23:44:33,159 [INFO] Rule:228 - rule LPUART IPParameter rename Prescaler parameter to ClockPrescaler for STM32G4 is applicable
2023-11-17 23:44:33,159 [INFO] Rule:228 - rule LPUART IPParameter rename Prescaler parameter to ClockPrescaler for STM32G4 is applicable
2023-11-17 23:44:33,159 [INFO] Rule:228 - rule LPUART IPParameter rename Prescaler parameter to ClockPrescaler for STM32L5 is applicable
2023-11-17 23:44:33,159 [INFO] Rule:228 - rule LPUART IPParameter rename Prescaler parameter to ClockPrescaler for STM32L5 is applicable
2023-11-17 23:44:33,159 [INFO] Rule:228 - rule LPUART IPParameter rename Prescaler parameter to ClockPrescaler for STM32G4 is applicable
2023-11-17 23:44:33,159 [INFO] Rule:228 - rule LPUART IPParameter rename Prescaler parameter to ClockPrescaler for STM32G4 is applicable
2023-11-17 23:44:33,159 [INFO] Rule:228 - rule USB device lib V2.5.3 for L0 rename USBD_SUPPORT_USER_STRING parameter to USBD_SUPPORT_USER_STRING_DESC4 is applicable
2023-11-17 23:44:33,159 [INFO] Rule:228 - rule I2SCLockSelection clock entry align is applicable
2023-11-17 23:44:33,159 [INFO] Rule:228 - rule Assign TIMx context if used as SYS timebase is applicable
2023-11-17 23:44:33,159 [INFO] Rule:228 - rule Change GPIO_Pu Default Value for I2C is applicable
2023-11-17 23:44:33,159 [INFO] Rule:228 - rule Change GPIO_Pu Default Value for SMBus is applicable
2023-11-17 23:44:33,159 [INFO] Rule:228 - rule change FDCAN default value is applicable
2023-11-17 23:44:33,164 [INFO] DbConfProperties:307 - Apply Compatibility (7/110 Rules)
2023-11-17 23:44:33,710 [INFO] RtosManager:555 - Registered RTOS mode: class=CMSIS, group=RTOS, mode=CMSIS_V1, owner=FREERTOS
2023-11-17 23:44:33,710 [INFO] RtosManager:555 - Registered RTOS mode: class=CMSIS, group=RTOS2, mode=CMSIS_V2, owner=FREERTOS
2023-11-17 23:44:33,710 [INFO] RtosManager:555 - Registered RTOS mode: class=RTOS, group=Core, mode=CMSIS_V1, owner=FREERTOS
2023-11-17 23:44:33,710 [INFO] RtosManager:555 - Registered RTOS mode: class=RTOS, group=Core, mode=CMSIS_V2, owner=FREERTOS
2023-11-17 23:44:33,711 [WARN] ModelIntegratedComponent:184 - Missing modes for component STMicroelectronics:FreeRTOS:0.0.1:STMicroelectronics:RTOS:FreeRTOS:Core:::10.2.0:
2023-11-17 23:44:33,761 [WARN] ModelIntegratedComponent:63 - No mode defined for component null
2023-11-17 23:44:33,762 [WARN] ModelIntegratedComponent:63 - No mode defined for component null
2023-11-17 23:44:33,762 [WARN] ModelIntegratedComponent:63 - No mode defined for component null
2023-11-17 23:44:33,762 [WARN] ModelIntegratedComponent:63 - No mode defined for component null
2023-11-17 23:44:33,762 [WARN] ModelIntegratedComponent:63 - No mode defined for component null
2023-11-17 23:44:33,763 [WARN] ModelIntegratedComponent:63 - No mode defined for component null
2023-11-17 23:44:33,763 [WARN] ModelIntegratedComponent:63 - No mode defined for component null
2023-11-17 23:44:33,763 [WARN] ModelIntegratedComponent:63 - No mode defined for component null
2023-11-17 23:44:33,763 [WARN] ModelIntegratedComponent:63 - No mode defined for component null
2023-11-17 23:44:33,763 [WARN] ModelIntegratedComponent:63 - No mode defined for component null
2023-11-17 23:44:33,764 [WARN] ModelIntegratedComponent:63 - No mode defined for component null
2023-11-17 23:44:33,764 [WARN] ModelIntegratedComponent:63 - No mode defined for component null
2023-11-17 23:44:33,764 [WARN] ModelIntegratedComponent:63 - No mode defined for component null
2023-11-17 23:44:33,764 [WARN] ModelIntegratedComponent:63 - No mode defined for component null
2023-11-17 23:44:33,765 [WARN] ModelIntegratedComponent:63 - No mode defined for component null
2023-11-17 23:44:33,765 [WARN] ModelIntegratedComponent:63 - No mode defined for component null
2023-11-17 23:44:33,765 [WARN] ModelIntegratedComponent:63 - No mode defined for component null
2023-11-17 23:44:33,765 [WARN] ModelIntegratedComponent:63 - No mode defined for component null
2023-11-17 23:44:33,765 [WARN] ModelIntegratedComponent:63 - No mode defined for component null
2023-11-17 23:44:33,765 [WARN] ModelIntegratedComponent:63 - No mode defined for component null
2023-11-17 23:44:33,766 [WARN] ModelIntegratedComponent:63 - No mode defined for component null
2023-11-17 23:44:33,766 [WARN] ModelIntegratedComponent:63 - No mode defined for component null
2023-11-17 23:44:33,766 [WARN] ModelIntegratedComponent:63 - No mode defined for component null
2023-11-17 23:44:33,766 [WARN] ModelIntegratedComponent:63 - No mode defined for component null
2023-11-17 23:44:33,767 [WARN] ModelIntegratedComponent:63 - No mode defined for component null
2023-11-17 23:44:33,767 [WARN] ModelIntegratedComponent:63 - No mode defined for component null
2023-11-17 23:44:33,767 [WARN] ModelIntegratedComponent:63 - No mode defined for component null
2023-11-17 23:44:33,767 [WARN] ModelIntegratedComponent:63 - No mode defined for component null
2023-11-17 23:44:33,768 [WARN] ModelIntegratedComponent:63 - No mode defined for component null
2023-11-17 23:44:33,768 [WARN] ModelIntegratedComponent:63 - No mode defined for component null
2023-11-17 23:44:33,768 [WARN] ModelIntegratedComponent:63 - No mode defined for component null
2023-11-17 23:44:33,768 [WARN] ModelIntegratedComponent:63 - No mode defined for component null
2023-11-17 23:44:33,768 [WARN] ModelIntegratedComponent:63 - No mode defined for component null
2023-11-17 23:44:33,935 [INFO] ThirdPartyModel:298 - Start build external matchings
2023-11-17 23:44:34,973 [INFO] ThirdPartyModel:316 - End build external matchings
2023-11-17 23:44:34,999 [INFO] ImportTextPane:194 - (OptionalMessage_ERROR) IP (RCC) : Invalid parameter (FamilyName)
2023-11-17 23:44:35,004 [INFO] ImportTextPane:194 - (OptionalMessage_ERROR) IP (RCC) : Parameter (RNGFreq_Value) has invalid value (170000000)
2023-11-17 23:44:35,005 [INFO] ImportTextPane:194 - (OptionalMessage_ERROR) IP (RCC) : Parameter (USBFreq_Value) has invalid value (170000000)
2023-11-17 23:44:35,609 [INFO] UtilMem:75 - End LoadConfig() Used Memory: 564635184 Bytes (927989760)
2023-11-17 23:44:35,811 [WARN] ThirdParty:833 - waiting for thirdparty lock release [change project]
2023-11-17 23:44:35,811 [INFO] ThirdParty:835 - entering critical section [change project]
2023-11-17 23:44:35,811 [INFO] ThirdParty:1030 - CMSIS Pack Vendor :STMicroelectronics X-CUBE-ISPU 1.1.0
2023-11-17 23:44:35,811 [INFO] ThirdParty:1030 - CMSIS Pack Vendor :STMicroelectronics USBPD 4.1
2023-11-17 23:44:35,811 [INFO] ThirdParty:1030 - CMSIS Pack Vendor :STMicroelectronics X-CUBE-GNSS1 6.0.0
2023-11-17 23:44:35,811 [INFO] ThirdParty:1030 - CMSIS Pack Vendor :STMicroelectronics USB_HOST 2.0.0
2023-11-17 23:44:35,811 [INFO] ThirdParty:1030 - CMSIS Pack Vendor :STMicroelectronics X-CUBE-AZRTOS-F4 1.1.0
2023-11-17 23:44:35,811 [INFO] ThirdParty:1030 - CMSIS Pack Vendor :STMicroelectronics LIBJPEG 8.0.0
2023-11-17 23:44:35,811 [INFO] ThirdParty:1030 - CMSIS Pack Vendor :wolfSSL I-CUBE-wolfSSL 5.6.3
2023-11-17 23:44:35,811 [INFO] ThirdParty:1030 - CMSIS Pack Vendor :STMicroelectronics X-CUBE-SMBUS 2.1.0
2023-11-17 23:44:35,812 [INFO] ThirdParty:1030 - CMSIS Pack Vendor :STMicroelectronics USB_DEVICE 3.0.0
2023-11-17 23:44:35,812 [INFO] ThirdParty:1030 - CMSIS Pack Vendor :STMicroelectronics X-CUBE-AZRTOS-WB 2.0.0
2023-11-17 23:44:35,812 [INFO] ThirdParty:1030 - CMSIS Pack Vendor :STMicroelectronics X-CUBE-AZRTOS-F7 1.1.0
2023-11-17 23:44:35,812 [INFO] ThirdParty:1030 - CMSIS Pack Vendor :STMicroelectronics X-CUBE-AZRTOS-L5 2.0.0
2023-11-17 23:44:35,812 [INFO] ThirdParty:1030 - CMSIS Pack Vendor :STMicroelectronics USB_DEVICE 2.0.0
2023-11-17 23:44:35,812 [INFO] ThirdParty:1030 - CMSIS Pack Vendor :STMicroelectronics X-CUBE-MEMS1 9.6.0
2023-11-17 23:44:35,812 [INFO] ThirdParty:1030 - CMSIS Pack Vendor :STMicroelectronics X-CUBE-EEPRMA1 4.2.0
2023-11-17 23:44:35,812 [INFO] ThirdParty:1030 - CMSIS Pack Vendor :ITTIA_DB I-CUBE-ITTIADB 8.8.0
2023-11-17 23:44:35,812 [INFO] ThirdParty:1030 - CMSIS Pack Vendor :STMicroelectronics FP-SNS-MOTENV1 4.3.2
2023-11-17 23:44:35,812 [INFO] ThirdParty:1030 - CMSIS Pack Vendor :STMicroelectronics X-CUBE-ALGOBUILD 1.3.0
2023-11-17 23:44:35,812 [INFO] ThirdParty:1030 - CMSIS Pack Vendor :STMicroelectronics FreeRTOS 0.0.1
2023-11-17 23:44:35,812 [INFO] ThirdParty:1030 - CMSIS Pack Vendor :STMicroelectronics X-CUBE-AZRTOS-G0 1.1.0
2023-11-17 23:44:35,812 [INFO] ThirdParty:1030 - CMSIS Pack Vendor :STMicroelectronics X-CUBE-BLEMGR 2.0.0
2023-11-17 23:44:35,813 [INFO] ThirdParty:1030 - CMSIS Pack Vendor :STMicroelectronics X-CUBE-NFC4 3.0.0
2023-11-17 23:44:35,813 [INFO] ThirdParty:1030 - CMSIS Pack Vendor :STMicroelectronics X-CUBE-SUBG2 5.0.0
2023-11-17 23:44:35,813 [INFO] ThirdParty:1030 - CMSIS Pack Vendor :STMicroelectronics STM32_WPAN 1.0.0
2023-11-17 23:44:35,813 [INFO] ThirdParty:1030 - CMSIS Pack Vendor :STMicroelectronics lwIP 2.0.3
2023-11-17 23:44:35,813 [INFO] ThirdParty:1030 - CMSIS Pack Vendor :STMicroelectronics FP-SNS-FLIGHT1 5.0.2
2023-11-17 23:44:35,813 [INFO] ThirdParty:1030 - CMSIS Pack Vendor :STMicroelectronics USB_HOST 1.0.0
2023-11-17 23:44:35,813 [INFO] ThirdParty:1030 - CMSIS Pack Vendor :STMicroelectronics X-CUBE-TOF1 3.3.1
2023-11-17 23:44:35,813 [INFO] ThirdParty:1030 - CMSIS Pack Vendor :STMicroelectronics X-CUBE-AZRTOS-G4 2.0.0
2023-11-17 23:44:35,813 [INFO] ThirdParty:1030 - CMSIS Pack Vendor :STMicroelectronics PDM2PCM 3.1.0
2023-11-17 23:44:35,813 [INFO] ThirdParty:1030 - CMSIS Pack Vendor :STMicroelectronics X-CUBE-AZRTOS-H7 3.1.0
2023-11-17 23:44:35,813 [INFO] ThirdParty:1030 - CMSIS Pack Vendor :Infineon AIROC-Wi-Fi-Bluetooth-STM32 1.5.1
2023-11-17 23:44:35,813 [INFO] ThirdParty:1030 - CMSIS Pack Vendor :STMicroelectronics X-CUBE-BLEMGR 3.0.0
2023-11-17 23:44:35,813 [INFO] ThirdParty:1030 - CMSIS Pack Vendor :STMicroelectronics PDM2PCM 3.3.0
2023-11-17 23:44:35,813 [INFO] ThirdParty:1030 - CMSIS Pack Vendor :STMicroelectronics X-CUBE-DISPLAY 3.0.0
2023-11-17 23:44:35,813 [INFO] ThirdParty:1030 - CMSIS Pack Vendor :STMicroelectronics FP-SNS-MOTENVWB1 1.3.0
2023-11-17 23:44:35,813 [INFO] ThirdParty:1030 - CMSIS Pack Vendor :STMicroelectronics X-CUBE-BLE1 7.0.0
2023-11-17 23:44:35,813 [INFO] ThirdParty:1030 - CMSIS Pack Vendor :STMicroelectronics FP-ATR-SIGFOX1 3.2.0
2023-11-17 23:44:35,814 [INFO] ThirdParty:1030 - CMSIS Pack Vendor :STMicroelectronics HAL Drivers 0.0.0
2023-11-17 23:44:35,814 [INFO] ThirdParty:1030 - CMSIS Pack Vendor :STMicroelectronics MBEDTLS 2.16.2
2023-11-17 23:44:35,814 [INFO] ThirdParty:1030 - CMSIS Pack Vendor :emotas I-CUBE-CANOPEN 1.3.0
2023-11-17 23:44:35,814 [INFO] ThirdParty:1030 - CMSIS Pack Vendor :STMicroelectronics X-CUBE-MEMS1 10.0.0
2023-11-17 23:44:35,814 [INFO] ThirdParty:1030 - CMSIS Pack Vendor :STMicroelectronics X-CUBE-FREERTOS 1.1.0
2023-11-17 23:44:35,814 [INFO] ThirdParty:1030 - CMSIS Pack Vendor :STMicroelectronics X-CUBE-NFC7 1.0.1
2023-11-17 23:44:35,814 [INFO] ThirdParty:1030 - CMSIS Pack Vendor :STMicroelectronics MBEDTLS 2.14.1
2023-11-17 23:44:35,814 [INFO] ThirdParty:1030 - CMSIS Pack Vendor :STMicroelectronics X-CUBE-TOUCHGFX 4.22.1
2023-11-17 23:44:35,814 [INFO] ThirdParty:1030 - CMSIS Pack Vendor :STMicroelectronics X-CUBE-NFC6 3.0.0
2023-11-17 23:44:35,814 [INFO] ThirdParty:1030 - CMSIS Pack Vendor :STMicroelectronics X-CUBE-EEPRMA1 4.1.0
2023-11-17 23:44:35,814 [INFO] ThirdParty:1030 - CMSIS Pack Vendor :portGmbH I-Cube-SoM-uGOAL 1.1.0
2023-11-17 23:44:35,814 [INFO] ThirdParty:1030 - CMSIS Pack Vendor :STMicroelectronics X-CUBE-ALS 1.0.1
2023-11-17 23:44:35,814 [INFO] ThirdParty:1030 - CMSIS Pack Vendor :STMicroelectronics ThreadX 1.0.0
2023-11-17 23:44:35,814 [INFO] ThirdParty:1030 - CMSIS Pack Vendor :STMicroelectronics FP-SNS-SMARTAG2 1.2.0
2023-11-17 23:44:35,814 [INFO] ThirdParty:1030 - CMSIS Pack Vendor :STMicroelectronics X-CUBE-AZRTOS-WL 2.0.0
2023-11-17 23:44:35,814 [INFO] ThirdParty:1030 - CMSIS Pack Vendor :SEGGER I-CUBE-embOS 1.3.1
2023-11-17 23:44:35,814 [INFO] ThirdParty:1030 - CMSIS Pack Vendor :STMicroelectronics USB_DEVICE 1.0.0
2023-11-17 23:44:35,814 [INFO] ThirdParty:1030 - CMSIS Pack Vendor :STMicroelectronics X-CUBE-AI 8.1.0
2023-11-17 23:44:35,815 [INFO] ThirdParty:1030 - CMSIS Pack Vendor :STMicroelectronics X-CUBE-AZRTOS-L4 2.0.0
2023-11-17 23:44:35,815 [INFO] ThirdParty:1030 - CMSIS Pack Vendor :STMicroelectronics ThreadX 0.0.2
2023-11-17 23:44:35,815 [INFO] ThirdParty:1030 - CMSIS Pack Vendor :WES I-CUBE-Cesium 1.3.0
2023-11-17 23:44:35,815 [INFO] ThirdParty:1030 - CMSIS Pack Vendor :STMicroelectronics FP-ATR-ASTRA1 2.0.0
2023-11-17 23:44:35,815 [INFO] ThirdParty:1030 - CMSIS Pack Vendor :STMicroelectronics lwIP 2.1.2
2023-11-17 23:44:35,815 [INFO] ThirdParty:1030 - CMSIS Pack Vendor :STMicroelectronics X-CUBE-SFXS2LP1 4.0.0
2023-11-17 23:44:35,815 [INFO] ThirdParty:1030 - CMSIS Pack Vendor :STMicroelectronics X-CUBE-BLE2 3.3.0
2023-11-17 23:44:35,815 [INFO] ThirdParty:1030 - CMSIS Pack Vendor :STMicroelectronics PDM2PCM 3.2.0
2023-11-17 23:44:35,815 [INFO] ThirdParty:841 - exiting critical section [change project]
2023-11-17 23:44:36,452 [INFO] PinOutPanel:1499 - setPackage(No Configuration,No Configuration)
2023-11-17 23:44:36,454 [INFO] PinOutPanel:1499 - setPackage(STM32G431RBTx,LQFP64)
2023-11-17 23:44:37,388 [INFO] UtilMem:75 - Before build in PCC Used Memory: 495924864 Bytes (943718400)
2023-11-17 23:44:38,928 [INFO] UtilMem:75 - After build in PCC Used Memory: 614946448 Bytes (943718400)
2023-11-17 23:44:38,978 [INFO] IPUIPlugin:80 - create IPUIPlugin
2023-11-17 23:44:38,978 [INFO] IPUIPlugin:80 - create IPUIPlugin
2023-11-17 23:44:38,978 [INFO] IPUIPlugin:80 - create IPUIPlugin
2023-11-17 23:44:38,978 [INFO] IPUIPlugin:80 - create IPUIPlugin
2023-11-17 23:44:38,978 [INFO] IPUIPlugin:80 - create IPUIPlugin
2023-11-17 23:44:38,979 [INFO] IPUIPlugin:80 - create IPUIPlugin
2023-11-17 23:44:38,980 [INFO] IPUIPlugin:80 - create IPUIPlugin
2023-11-17 23:44:38,980 [INFO] IPUIPlugin:80 - create IPUIPlugin
2023-11-17 23:44:38,980 [INFO] IPUIPlugin:80 - create IPUIPlugin
2023-11-17 23:44:38,980 [INFO] IPUIPlugin:80 - create IPUIPlugin
2023-11-17 23:44:38,980 [INFO] IPUIPlugin:80 - create IPUIPlugin
2023-11-17 23:44:38,981 [INFO] IPUIPlugin:80 - create IPUIPlugin
2023-11-17 23:44:38,981 [INFO] IPUIPlugin:80 - create IPUIPlugin
2023-11-17 23:44:38,981 [INFO] IPUIPlugin:80 - create IPUIPlugin
2023-11-17 23:44:38,981 [INFO] IPUIPlugin:80 - create IPUIPlugin
2023-11-17 23:44:38,982 [INFO] IPUIPlugin:80 - create IPUIPlugin
2023-11-17 23:44:38,982 [INFO] IPUIPlugin:80 - create IPUIPlugin
2023-11-17 23:44:38,982 [INFO] IPUIPlugin:80 - create IPUIPlugin
2023-11-17 23:44:38,982 [INFO] IPUIPlugin:80 - create IPUIPlugin
2023-11-17 23:44:38,982 [INFO] IPUIPlugin:80 - create IPUIPlugin
2023-11-17 23:44:38,983 [INFO] IPUIPlugin:80 - create IPUIPlugin
2023-11-17 23:44:38,983 [INFO] IPUIPlugin:80 - create IPUIPlugin
2023-11-17 23:44:38,983 [INFO] IPUIPlugin:80 - create IPUIPlugin
2023-11-17 23:44:38,984 [INFO] IPUIPlugin:80 - create IPUIPlugin
2023-11-17 23:44:38,985 [INFO] IPUIPlugin:80 - create IPUIPlugin
2023-11-17 23:44:38,985 [INFO] IPUIPlugin:80 - create IPUIPlugin
2023-11-17 23:44:38,986 [INFO] IPUIPlugin:80 - create IPUIPlugin
2023-11-17 23:44:38,986 [INFO] IPUIPlugin:80 - create IPUIPlugin
2023-11-17 23:44:38,987 [INFO] IPUIPlugin:80 - create IPUIPlugin
2023-11-17 23:44:38,987 [INFO] IPUIPlugin:80 - create IPUIPlugin
2023-11-17 23:44:38,987 [INFO] IPUIPlugin:80 - create IPUIPlugin
2023-11-17 23:44:38,988 [INFO] IPUIPlugin:80 - create IPUIPlugin
2023-11-17 23:44:38,988 [INFO] IPUIPlugin:80 - create IPUIPlugin
2023-11-17 23:44:38,988 [INFO] IPUIPlugin:80 - create IPUIPlugin
2023-11-17 23:44:38,989 [INFO] IPUIPlugin:80 - create IPUIPlugin
2023-11-17 23:44:38,989 [INFO] IPUIPlugin:80 - create IPUIPlugin
2023-11-17 23:44:38,990 [INFO] IPUIPlugin:80 - create IPUIPlugin
2023-11-17 23:44:38,990 [INFO] IPUIPlugin:80 - create IPUIPlugin
2023-11-17 23:44:38,990 [INFO] IPUIPlugin:80 - create IPUIPlugin
2023-11-17 23:44:38,991 [INFO] IPUIPlugin:80 - create IPUIPlugin
2023-11-17 23:44:38,991 [INFO] IPUIPlugin:80 - create IPUIPlugin
2023-11-17 23:44:38,991 [INFO] IPUIPlugin:80 - create IPUIPlugin
2023-11-17 23:44:38,992 [INFO] IPUIPlugin:80 - create IPUIPlugin
2023-11-17 23:44:38,992 [INFO] IPUIPlugin:80 - create IPUIPlugin
2023-11-17 23:44:38,993 [INFO] IPUIPlugin:80 - create IPUIPlugin
2023-11-17 23:44:38,993 [INFO] IPUIPlugin:80 - create IPUIPlugin
2023-11-17 23:44:38,993 [INFO] IPUIPlugin:80 - create IPUIPlugin
2023-11-17 23:44:38,994 [INFO] IPUIPlugin:80 - create IPUIPlugin
2023-11-17 23:44:38,994 [INFO] IPUIPlugin:80 - create IPUIPlugin
2023-11-17 23:44:38,995 [INFO] IPUIPlugin:80 - create IPUIPlugin
2023-11-17 23:44:38,995 [INFO] IPUIPlugin:80 - create IPUIPlugin
2023-11-17 23:44:38,996 [INFO] IPUIPlugin:80 - create IPUIPlugin
2023-11-17 23:44:38,996 [INFO] IPUIPlugin:80 - create IPUIPlugin
2023-11-17 23:44:38,996 [INFO] IPUIPlugin:80 - create IPUIPlugin
2023-11-17 23:44:38,997 [INFO] IPUIPlugin:80 - create IPUIPlugin
2023-11-17 23:44:38,997 [INFO] IPUIPlugin:80 - create IPUIPlugin
2023-11-17 23:44:38,998 [INFO] IPUIPlugin:80 - create IPUIPlugin
2023-11-17 23:44:38,999 [INFO] IPUIPlugin:80 - create IPUIPlugin
2023-11-17 23:44:39,294 [INFO] CADModel:165 - CPN selected for project levelSTM32G431RBT6
2023-11-17 23:44:39,294 [INFO] CADModel:114 - Register for checkConnection events
2023-11-17 23:44:39,336 [INFO] OpenFileManager:328 - Restore cursor
2023-11-17 23:44:42,010 [INFO] UtilMem:75 - End SaveConfig() Used Memory: 723465856 Bytes (943718400)
2023-11-17 23:45:32,083 [INFO] McuFinderGlobals:76 - Set McuFinderConnectedMode to true
2023-11-17 23:45:32,087 [INFO] ApiDb:448 - Save user favorites file C:\Users\Chris/.stm32cubeide/favorites.mcus.txt: 0 item(s)
2023-11-17 23:45:32,087 [INFO] ApiDb:452 - User favorites MCUs=[]
2023-11-17 23:45:32,089 [INFO] ApiDb:448 - Save user favorites file C:\Users\Chris/.stm32cubeide/favorites.boards.txt: 0 item(s)
2023-11-17 23:45:32,090 [INFO] ApiDb:452 - User favorites Boards=[]
2023-11-17 23:47:15,802 [WARN] IP:2114 - MessageRAMOffset not found: check if there is a RefParameter without a condition.
2023-11-17 23:47:15,803 [WARN] IP:2114 - RxFifo0ElmtsNbr not found: check if there is a RefParameter without a condition.
2023-11-17 23:47:15,803 [WARN] IP:2114 - RxFifo0ElmtSize not found: check if there is a RefParameter without a condition.
2023-11-17 23:47:15,803 [WARN] IP:2114 - RxFifo1ElmtsNbr not found: check if there is a RefParameter without a condition.
2023-11-17 23:47:15,803 [WARN] IP:2114 - RxFifo1ElmtSize not found: check if there is a RefParameter without a condition.
2023-11-17 23:47:15,803 [WARN] IP:2114 - RxBuffersNbr not found: check if there is a RefParameter without a condition.
2023-11-17 23:47:15,803 [WARN] IP:2114 - RxBufferSize not found: check if there is a RefParameter without a condition.
2023-11-17 23:47:15,803 [WARN] IP:2114 - TxEventsNbr not found: check if there is a RefParameter without a condition.
2023-11-17 23:47:15,803 [WARN] IP:2114 - TxBuffersNbr not found: check if there is a RefParameter without a condition.
2023-11-17 23:47:15,803 [WARN] IP:2114 - TxFifoQueueElmtsNbr not found: check if there is a RefParameter without a condition.
2023-11-17 23:47:15,803 [WARN] IP:2114 - TxElmtSize not found: check if there is a RefParameter without a condition.
2023-11-17 23:47:15,803 [WARN] IP:2114 - ClockCalibrationCCU not found: check if there is a RefParameter without a condition.
2023-11-17 23:47:15,803 [WARN] IP:2114 - ClockDividerCCU not found: check if there is a RefParameter without a condition.
2023-11-17 23:47:15,804 [WARN] IP:2114 - MinOscClkPeriodsCCU not found: check if there is a RefParameter without a condition.
2023-11-17 23:47:15,804 [WARN] IP:2114 - TimeQuantaPerBitTimeCCU not found: check if there is a RefParameter without a condition.
2023-11-17 23:47:15,804 [WARN] IP:2114 - WatchdogStartValueCCU not found: check if there is a RefParameter without a condition.
2023-11-17 23:47:15,807 [INFO] LogOutputStream:77 - [STDOUT_REDIRECT] Nominal 
2023-11-17 23:47:15,925 [INFO] Can:71 - Can Add PropertyChangeListener com.st.microxplorer.plugins.ip.can.Can@74d586b8
2023-11-17 23:47:15,941 [WARN] IP:2114 - MessageRAMOffset not found: check if there is a RefParameter without a condition.
2023-11-17 23:47:15,942 [WARN] IP:2114 - RxFifo0ElmtsNbr not found: check if there is a RefParameter without a condition.
2023-11-17 23:47:15,942 [WARN] IP:2114 - RxFifo0ElmtSize not found: check if there is a RefParameter without a condition.
2023-11-17 23:47:15,942 [WARN] IP:2114 - RxFifo1ElmtsNbr not found: check if there is a RefParameter without a condition.
2023-11-17 23:47:15,942 [WARN] IP:2114 - RxFifo1ElmtSize not found: check if there is a RefParameter without a condition.
2023-11-17 23:47:15,942 [WARN] IP:2114 - RxBuffersNbr not found: check if there is a RefParameter without a condition.
2023-11-17 23:47:15,942 [WARN] IP:2114 - RxBufferSize not found: check if there is a RefParameter without a condition.
2023-11-17 23:47:15,942 [WARN] IP:2114 - TxEventsNbr not found: check if there is a RefParameter without a condition.
2023-11-17 23:47:15,942 [WARN] IP:2114 - TxBuffersNbr not found: check if there is a RefParameter without a condition.
2023-11-17 23:47:15,942 [WARN] IP:2114 - TxFifoQueueElmtsNbr not found: check if there is a RefParameter without a condition.
2023-11-17 23:47:15,943 [WARN] IP:2114 - TxElmtSize not found: check if there is a RefParameter without a condition.
2023-11-17 23:47:15,943 [WARN] IP:2114 - ClockCalibrationCCU not found: check if there is a RefParameter without a condition.
2023-11-17 23:47:15,943 [WARN] IP:2114 - ClockDividerCCU not found: check if there is a RefParameter without a condition.
2023-11-17 23:47:15,943 [WARN] IP:2114 - MinOscClkPeriodsCCU not found: check if there is a RefParameter without a condition.
2023-11-17 23:47:15,943 [WARN] IP:2114 - TimeQuantaPerBitTimeCCU not found: check if there is a RefParameter without a condition.
2023-11-17 23:47:15,943 [WARN] IP:2114 - WatchdogStartValueCCU not found: check if there is a RefParameter without a condition.
2023-11-17 23:47:22,641 [INFO] UtilMem:75 - End SaveConfig() Used Memory: 663634936 Bytes (943718400)
2023-11-17 23:47:24,989 [INFO] UtilMem:75 - End SaveConfig() Used Memory: 711869432 Bytes (943718400)
2023-11-17 23:47:38,112 [INFO] McuFinderGlobals:63 - Set McuFinder mode to 2 (CubeIDE integrated)
2023-11-17 23:47:38,112 [INFO] UserAuth:179 - activating auth plugin
2023-11-17 23:47:38,115 [INFO] UserAuth:393 - Internet connection configuration mode: 1
2023-11-17 23:52:32,822 [INFO] UtilMem:75 - End SaveConfig() Used Memory: 692252936 Bytes (943718400)
2023-11-17 23:52:34,013 [INFO] UtilMem:75 - End SaveConfig() Used Memory: 716370184 Bytes (943718400)
2023-11-17 23:54:33,137 [INFO] WebApp:588 - userauth.ini deleted or not created
2023-11-17 23:54:53,468 [INFO] UtilMem:75 - End SaveConfig() Used Memory: 489773928 Bytes (643825664)
2023-11-17 23:54:54,545 [INFO] UtilMem:75 - End SaveConfig() Used Memory: 513891176 Bytes (643825664)
2023-11-17 23:54:55,959 [INFO] ServerAccessManage:473 - Download File stm32cube_fw_g4_v150.zip
2023-11-17 23:55:56,592 [INFO] AnalyticsPlugin:368 - Accepted License(s): [FW.G4.1.5.0]
2023-11-17 23:55:56,592 [INFO] FileExtend:240 - Unzip File : stm32cube_fw_g4_v150.zip
2023-11-17 23:55:56,593 [INFO] FileExtend:255 - Standard Zip Deflate
2023-11-17 23:57:04,587 [INFO] ServerAccessManage:473 - Download File stm32cube_fw_g4_v151.zip
2023-11-17 23:57:04,742 [INFO] FileExtend:240 - Unzip File : stm32cube_fw_g4_v151.zip
2023-11-17 23:57:04,742 [INFO] FileExtend:255 - Standard Zip Deflate
2023-11-17 23:57:05,381 [INFO] LoadServerPackagesThread:196 - End of LoadServerPackages Thread
2023-11-17 23:57:05,549 [INFO] ThirdPartyModel:298 - Start build external matchings
2023-11-17 23:57:05,562 [INFO] UtilMem:75 - End SaveConfig() Used Memory: 412037952 Bytes (678428672)
2023-11-17 23:57:06,637 [INFO] BlockDiagram:2759 - set Specific Code input for plugin: SYS
2023-11-17 23:57:06,638 [INFO] BlockDiagram:2759 - set Specific Code input for plugin: RCC
2023-11-17 23:57:06,638 [INFO] BlockDiagram:2759 - set Specific Code input for plugin: LPUART
2023-11-17 23:57:06,638 [INFO] BlockDiagram:2759 - set Specific Code input for plugin: NVIC
2023-11-17 23:57:06,639 [INFO] BlockDiagram:2759 - set Specific Code input for plugin: GPIO
2023-11-17 23:57:06,642 [INFO] CodeGenerator:799 - code generatio: config db path: C:\ST\STM32CubeIDE_1.13.2\STM32CubeIDE\plugins\com.st.stm32cube.common.mx_6.9.2.202309101412\\db\
2023-11-17 23:57:07,232 [INFO] CodeEngine:255 - oldGeneratedFile, C:\Users\Chris\Documents\utat\onboarding\nucleo-g431-blinky\MXTmpFiles\license.tmp_save
2023-11-17 23:57:07,774 [INFO] ThirdPartyModel:316 - End build external matchings
2023-11-17 23:57:07,800 [INFO] CheckServerUpdateThread:120 - End of CheckServer Thread
2023-11-17 23:57:08,131 [INFO] CodeEngine:279 - Generated code: C:\Users\Chris\Documents\utat\onboarding\nucleo-g431-blinky\MXTmpFiles\license.tmp
2023-11-17 23:57:08,403 [INFO] CodeEngine:255 - oldGeneratedFile, C:\Users\Chris\Documents\utat\onboarding\nucleo-g431-blinky\MXTmpFiles\gpio.tmp_save
2023-11-17 23:57:08,949 [INFO] CodeEngine:279 - Generated code: C:\Users\Chris\Documents\utat\onboarding\nucleo-g431-blinky\MXTmpFiles\gpio.tmp
2023-11-17 23:57:09,303 [INFO] CodeEngine:255 - oldGeneratedFile, C:\Users\Chris\Documents\utat\onboarding\nucleo-g431-blinky\Core\Src\stm32g4xx_it.c_save
2023-11-17 23:57:09,843 [INFO] CodeEngine:279 - Generated code: C:\Users\Chris\Documents\utat\onboarding\nucleo-g431-blinky\Core\Src\stm32g4xx_it.c
2023-11-17 23:57:09,866 [INFO] CodeEngine:255 - oldGeneratedFile, C:\Users\Chris\Documents\utat\onboarding\nucleo-g431-blinky\Core\Inc\stm32g4xx_it.h_save
2023-11-17 23:57:10,108 [INFO] CodeEngine:279 - Generated code: C:\Users\Chris\Documents\utat\onboarding\nucleo-g431-blinky\Core\Inc\stm32g4xx_it.h
2023-11-17 23:57:10,143 [INFO] CodeEngine:255 - oldGeneratedFile, C:\Users\Chris\Documents\utat\onboarding\nucleo-g431-blinky\Core\Src\stm32g4xx_hal_msp.c_save
2023-11-17 23:57:10,461 [INFO] CodeEngine:279 - Generated code: C:\Users\Chris\Documents\utat\onboarding\nucleo-g431-blinky\Core\Src\stm32g4xx_hal_msp.c
2023-11-17 23:57:10,482 [INFO] CodeEngine:255 - oldGeneratedFile, C:\Users\Chris\Documents\utat\onboarding\nucleo-g431-blinky\MXTmpFiles\system.tmp_save
2023-11-17 23:57:10,633 [INFO] CodeEngine:279 - Generated code: C:\Users\Chris\Documents\utat\onboarding\nucleo-g431-blinky\MXTmpFiles\system.tmp
2023-11-17 23:57:10,665 [INFO] CodeEngine:311 - oldGeneratedFile, C:\Users\Chris\Documents\utat\onboarding\nucleo-g431-blinky\Core\Inc\stm32g4xx_hal_conf.h_save
2023-11-17 23:57:10,862 [INFO] CodeEngine:335 - Generated code: C:\Users\Chris\Documents\utat\onboarding\nucleo-g431-blinky\Core\Inc\stm32g4xx_hal_conf.h
2023-11-17 23:57:10,920 [WARN] IPConfigManager:2937 - Warning: the RefConfig RCC_CommonPeriphClockConfig is not available in your config.xml file
2023-11-17 23:57:10,951 [INFO] CodeEngine:255 - oldGeneratedFile, C:\Users\Chris\Documents\utat\onboarding\nucleo-g431-blinky\Core\Inc\main.h_save
2023-11-17 23:57:11,157 [INFO] CodeEngine:279 - Generated code: C:\Users\Chris\Documents\utat\onboarding\nucleo-g431-blinky\Core\Inc\main.h
2023-11-17 23:57:11,177 [INFO] CodeEngine:255 - oldGeneratedFile, C:\Users\Chris\Documents\utat\onboarding\nucleo-g431-blinky\Core\Src\main.c_save
2023-11-17 23:57:11,456 [INFO] CodeEngine:279 - Generated code: C:\Users\Chris\Documents\utat\onboarding\nucleo-g431-blinky\Core\Src\main.c
2023-11-17 23:57:12,515 [INFO] ProjectBuilder:3064 - Time for Copy HAL[1] : 245mS.
2023-11-17 23:57:12,528 [INFO] ProjectBuilder:4404 - Project Generator version: 4.1.0
2023-11-17 23:57:12,903 [INFO] ConfigFileManager:1457 - The Die is : DIE468
2023-11-17 23:57:12,931 [INFO] ApiDbMcu:507 - Load IP Config File for FATFS
2023-11-17 23:57:12,955 [INFO] ApiDbMcu:507 - Load IP Config File for FREERTOS
2023-11-17 23:57:12,978 [INFO] ApiDbMcu:507 - Load IP Config File for USBPD
2023-11-17 23:57:13,007 [INFO] ApiDbMcu:507 - Load IP Config File for USB_Device
2023-11-17 23:57:14,872 [INFO] LogOutputStream:77 - [STDOUT_REDIRECT] 
2023-11-17 23:57:20,162 [INFO] ProjectBuilder:4626 - Time for Generating toolchain IDE Files: 7633mS.
2023-11-17 23:57:20,164 [INFO] ProjectBuilder:2935 - Time for Copy CMSIS : 1mS.
2023-11-17 23:57:20,169 [INFO] ProjectBuilder:2935 - Time for Copy CMSIS : 1mS.
