2023-11-18 21:39:12,000 [INFO] Activator:176 - 


2023-11-18 21:39:12,002 [INFO] Activator:177 - !SESSION log4j initialized
2023-11-18 21:39:14,701 [INFO] LogOutputStream:77 - [STDOUT_REDIRECT] 
2023-11-18 21:39:16,768 [INFO] ApplicationProperties:184 - Using Application install path: C:\ST\STM32CubeIDE_1.13.2\STM32CubeIDE\plugins\com.st.stm32cube.common.mx_6.9.2.202309101412
2023-11-18 21:39:16,799 [INFO] DbMcusXml:78 - Set database path to: C:\ST\STM32CubeIDE_1.13.2\STM32CubeIDE\plugins\com.st.stm32cube.common.mx_6.9.2.202309101412\\db\/mcu/
2023-11-18 21:39:16,800 [INFO] ApiDb:274 - Set plugin database path to: C:\ST\STM32CubeIDE_1.13.2\STM32CubeIDE\plugins\com.st.stm32cube.common.mx_6.9.2.202309101412\\db\/plugins/boardmanager/
2023-11-18 21:39:17,291 [WARN] ApiDb:259 - Overriding images path with different value:  => C:\ST\STM32CubeIDE_1.13.2\STM32CubeIDE\plugins\com.st.stm32cube.common.mx_6.9.2.202309101412\\db\/plugins/mcufinder/images/
2023-11-18 21:39:17,302 [INFO] ApiDb:250 - Set database path to: C:\Users\Chris\.stmcufinder\plugins\mcufinder//mcu/
2023-11-18 21:39:17,305 [INFO] DbMcusAds:125 - Set database path to: C:\Users\Chris\.stmcufinder\plugins\mcufinder//mcu/
2023-11-18 21:39:17,311 [INFO] CrossReferenceDbSqlite:203 - Set database path to: C:\Users\Chris\.stmcufinder\plugins\mcufinder//mcu/cs/
2023-11-18 21:39:17,479 [INFO] RulesReader:64 - Compatibility file has been processed (293 Rules)
2023-11-18 21:39:17,579 [INFO] DbMcusXml:78 - Set database path to: C:\ST\STM32CubeIDE_1.13.2\STM32CubeIDE\plugins\com.st.stm32cube.common.mx_6.9.2.202309101412\\db\/mcu/
2023-11-18 21:39:17,579 [INFO] ApiDb:274 - Set plugin database path to: C:\ST\STM32CubeIDE_1.13.2\STM32CubeIDE\plugins\com.st.stm32cube.common.mx_6.9.2.202309101412\\db\/plugins/boardmanager/
2023-11-18 21:39:17,579 [INFO] ApiDb:261 - Set plugin images path to: C:\ST\STM32CubeIDE_1.13.2\STM32CubeIDE\plugins\com.st.stm32cube.common.mx_6.9.2.202309101412\\db\/plugins/mcufinder/images/
2023-11-18 21:39:17,579 [WARN] DbFile:41 - Overriding database path with different value: C:\Users\Chris\.stmcufinder\plugins\mcufinder/ => C:\Users\Chris\.stmcufinder\plugins\mcufinder
2023-11-18 21:39:17,580 [INFO] ApiDb:250 - Set database path to: C:\Users\Chris\.stmcufinder\plugins\mcufinder//mcu/
2023-11-18 21:39:17,580 [WARN] DbFile:41 - Overriding database path with different value: C:\Users\Chris\.stmcufinder\plugins\mcufinder/ => C:\Users\Chris\.stmcufinder\plugins\mcufinder
2023-11-18 21:39:17,580 [INFO] DbMcusAds:125 - Set database path to: C:\Users\Chris\.stmcufinder\plugins\mcufinder//mcu/
2023-11-18 21:39:17,580 [WARN] DbFile:41 - Overriding database path with different value: C:\Users\Chris\.stmcufinder\plugins\mcufinder/ => C:\Users\Chris\.stmcufinder\plugins\mcufinder
2023-11-18 21:39:17,580 [WARN] DbFile:41 - Overriding database path with different value: C:\Users\Chris\.stmcufinder\plugins\mcufinder/ => C:\Users\Chris\.stmcufinder\plugins\mcufinder
2023-11-18 21:39:17,580 [INFO] CrossReferenceDbSqlite:203 - Set database path to: C:\Users\Chris\.stmcufinder\plugins\mcufinder//mcu/cs/
2023-11-18 21:39:17,673 [INFO] MainPanel:262 - HeapMemory: 268435456
2023-11-18 21:39:17,760 [INFO] DbMcusXml:78 - Set database path to: C:\ST\STM32CubeIDE_1.13.2\STM32CubeIDE\plugins\com.st.stm32cube.common.mx_6.9.2.202309101412\\db\/mcu/
2023-11-18 21:39:17,760 [INFO] ApiDb:274 - Set plugin database path to: C:\ST\STM32CubeIDE_1.13.2\STM32CubeIDE\plugins\com.st.stm32cube.common.mx_6.9.2.202309101412\\db\/plugins/boardmanager/
2023-11-18 21:39:17,760 [INFO] ApiDb:261 - Set plugin images path to: C:\ST\STM32CubeIDE_1.13.2\STM32CubeIDE\plugins\com.st.stm32cube.common.mx_6.9.2.202309101412\\db\/plugins/mcufinder/images/
2023-11-18 21:39:17,761 [WARN] DbFile:41 - Overriding database path with different value: C:\Users\Chris\.stmcufinder\plugins\mcufinder/ => C:\Users\Chris\.stmcufinder\plugins\mcufinder
2023-11-18 21:39:17,761 [INFO] ApiDb:250 - Set database path to: C:\Users\Chris\.stmcufinder\plugins\mcufinder//mcu/
2023-11-18 21:39:17,761 [WARN] DbFile:41 - Overriding database path with different value: C:\Users\Chris\.stmcufinder\plugins\mcufinder/ => C:\Users\Chris\.stmcufinder\plugins\mcufinder
2023-11-18 21:39:17,761 [INFO] DbMcusAds:125 - Set database path to: C:\Users\Chris\.stmcufinder\plugins\mcufinder//mcu/
2023-11-18 21:39:17,761 [WARN] DbFile:41 - Overriding database path with different value: C:\Users\Chris\.stmcufinder\plugins\mcufinder/ => C:\Users\Chris\.stmcufinder\plugins\mcufinder
2023-11-18 21:39:17,761 [WARN] DbFile:41 - Overriding database path with different value: C:\Users\Chris\.stmcufinder\plugins\mcufinder/ => C:\Users\Chris\.stmcufinder\plugins\mcufinder
2023-11-18 21:39:17,762 [INFO] CrossReferenceDbSqlite:203 - Set database path to: C:\Users\Chris\.stmcufinder\plugins\mcufinder//mcu/cs/
2023-11-18 21:39:17,782 [INFO] ApplicationProperties:184 - Using Application install path: C:\ST\STM32CubeIDE_1.13.2\STM32CubeIDE\plugins\com.st.stm32cube.common.mx_6.9.2.202309101412
2023-11-18 21:39:17,783 [INFO] PluginManage:196 - Search for loadable plugins [exclusion list=, ]
2023-11-18 21:39:17,785 [INFO] PluginManage:310 - Check plugin analytics
2023-11-18 21:39:18,046 [INFO] AnalyticsPlugin:253 - Accepted Software Licenses: 
2023-11-18 21:39:18,046 [INFO] AnalyticsPlugin:255 - Accepted CMSIS Pack Licenses: 
2023-11-18 21:39:18,047 [INFO] AnalyticsPlugin:257 - Accepted Firmware Licenses: FW.G4.1.5.0
2023-11-18 21:39:18,051 [INFO] PluginManage:359 - Loaded plugin analytics (category:tool,tabindex:-1)
2023-11-18 21:39:18,051 [INFO] PluginManage:310 - Check plugin cadmodel
2023-11-18 21:39:18,056 [INFO] CADModel:105 - Init CAD model plugin
2023-11-18 21:39:18,057 [INFO] PluginManage:359 - Loaded plugin cadmodel (category:power,tabindex:5)
2023-11-18 21:39:18,057 [INFO] PluginManage:310 - Check plugin clock
2023-11-18 21:39:18,071 [INFO] PluginManage:359 - Loaded plugin clock (category:base,tabindex:2)
2023-11-18 21:39:18,072 [INFO] PluginManage:310 - Check plugin ddr
2023-11-18 21:39:18,077 [INFO] PluginManage:359 - Loaded plugin ddr (category:tool,tabindex:6)
2023-11-18 21:39:18,077 [INFO] PluginManage:310 - Check plugin filemanager
2023-11-18 21:39:18,254 [INFO] PluginManage:359 - Loaded plugin filemanager (category:base,tabindex:10)
2023-11-18 21:39:18,254 [INFO] PluginManage:310 - Check plugin ipmanager
2023-11-18 21:39:18,267 [INFO] PluginManage:359 - Loaded plugin ipmanager (category:base,tabindex:5)
2023-11-18 21:39:18,267 [INFO] PluginManage:310 - Check plugin lpbam
2023-11-18 21:39:18,281 [INFO] PluginManage:359 - Loaded plugin lpbam (category:base,tabindex:0)
2023-11-18 21:39:18,281 [INFO] PluginManage:310 - Check plugin memorymap
2023-11-18 21:39:18,297 [INFO] PluginManage:359 - Loaded plugin memorymap (category:base,tabindex:4)
2023-11-18 21:39:18,298 [INFO] PluginManage:310 - Check plugin pinoutandconfiguration
2023-11-18 21:39:18,311 [INFO] PluginManage:359 - Loaded plugin pinoutandconfiguration (category:base,tabindex:1)
2023-11-18 21:39:18,311 [INFO] PluginManage:310 - Check plugin pinoutconfig
2023-11-18 21:39:18,435 [WARN] SupportedApi:132 - Cannot load RTOS API schema: s4s-elt-must-match.1: The content of 'definitions' must match (annotation?, (simpleType | complexType)?, (unique | key | keyref)*)). A problem was found starting at: attribute.
2023-11-18 21:39:18,661 [INFO] PluginManage:359 - Loaded plugin pinoutconfig (category:base,tabindex:0)
2023-11-18 21:39:18,661 [INFO] PluginManage:310 - Check plugin power
2023-11-18 21:39:18,678 [INFO] PluginManage:359 - Loaded plugin power (category:power,tabindex:4)
2023-11-18 21:39:18,678 [INFO] PluginManage:310 - Check plugin projectmanager
2023-11-18 21:39:18,699 [INFO] PluginManage:359 - Loaded plugin projectmanager (category:projectmanager,tabindex:3)
2023-11-18 21:39:18,699 [INFO] PluginManage:310 - Check plugin thirdparty
2023-11-18 21:39:18,884 [WARN] IntegrityCheckThread:84 - waiting for thirdparty lock release [integrity check]
2023-11-18 21:39:18,884 [INFO] IntegrityCheckThread:86 - entering critical section [integrity check]
2023-11-18 21:39:18,885 [INFO] PluginManage:359 - Loaded plugin thirdparty (category:base,tabindex:-1)
2023-11-18 21:39:18,885 [INFO] PluginManage:310 - Check plugin tools
2023-11-18 21:39:18,885 [INFO] ThirdPartyUpdaterWithRetryManager:70 - Updater plugin not ready yet. [1/15]
2023-11-18 21:39:18,890 [INFO] PluginManage:359 - Loaded plugin tools (category:base,tabindex:7)
2023-11-18 21:39:18,890 [INFO] PluginManage:310 - Check plugin tutovideos
2023-11-18 21:39:19,126 [INFO] PluginManage:359 - Loaded plugin tutovideos (category:base,tabindex:-1)
2023-11-18 21:39:19,127 [INFO] PluginManage:310 - Check plugin updater
2023-11-18 21:39:19,139 [INFO] PluginManage:359 - Loaded plugin updater (category:base,tabindex:12)
2023-11-18 21:39:19,139 [INFO] PluginManage:310 - Check plugin userauth
2023-11-18 21:39:19,145 [INFO] UserAuth:113 - Init User Auth plugin
2023-11-18 21:39:19,145 [INFO] PluginManage:359 - Loaded plugin userauth (category:base,tabindex:14)
2023-11-18 21:39:19,145 [INFO] PluginManage:283 - PluginManage : Loaded plugins [17]
2023-11-18 21:39:19,402 [INFO] PinOutPanel:1499 - setPackage(No Configuration,No Configuration)
2023-11-18 21:39:19,571 [INFO] CADModel:165 - CPN selected for project level
2023-11-18 21:39:19,572 [INFO] CADModel:114 - Register for checkConnection events
2023-11-18 21:39:19,590 [INFO] IPUIPlugin:80 - create IPUIPlugin
2023-11-18 21:39:19,590 [INFO] PluginManager:220 - loadIPPluginJar : add adc
2023-11-18 21:39:19,593 [INFO] IPUIPlugin:80 - create IPUIPlugin
2023-11-18 21:39:19,594 [INFO] PluginManager:220 - loadIPPluginJar : add aes
2023-11-18 21:39:19,596 [INFO] IPUIPlugin:80 - create IPUIPlugin
2023-11-18 21:39:19,596 [INFO] PluginManager:220 - loadIPPluginJar : add can
2023-11-18 21:39:19,598 [INFO] IPUIPlugin:80 - create IPUIPlugin
2023-11-18 21:39:19,598 [INFO] PluginManager:220 - loadIPPluginJar : add comp
2023-11-18 21:39:19,600 [INFO] IPUIPlugin:80 - create IPUIPlugin
2023-11-18 21:39:19,601 [INFO] PluginManager:220 - loadIPPluginJar : add cryp
2023-11-18 21:39:19,603 [INFO] IPUIPlugin:80 - create IPUIPlugin
2023-11-18 21:39:19,603 [INFO] PluginManager:220 - loadIPPluginJar : add dfsdm
2023-11-18 21:39:19,611 [INFO] IPUIPlugin:80 - create IPUIPlugin
2023-11-18 21:39:19,611 [INFO] PluginManager:220 - loadIPPluginJar : add dma
2023-11-18 21:39:19,614 [INFO] IPUIPlugin:80 - create IPUIPlugin
2023-11-18 21:39:19,615 [INFO] PluginManager:220 - loadIPPluginJar : add dma3
2023-11-18 21:39:19,616 [INFO] IPUIPlugin:80 - create IPUIPlugin
2023-11-18 21:39:19,617 [INFO] PluginManager:220 - loadIPPluginJar : add fatfs
2023-11-18 21:39:19,621 [INFO] IPUIPlugin:80 - create IPUIPlugin
2023-11-18 21:39:19,622 [INFO] PluginManager:220 - loadIPPluginJar : add fmc
2023-11-18 21:39:19,630 [INFO] IPUIPlugin:80 - create IPUIPlugin
2023-11-18 21:39:19,630 [INFO] PluginManager:220 - loadIPPluginJar : add freertos
2023-11-18 21:39:19,631 [INFO] IPUIPlugin:80 - create IPUIPlugin
2023-11-18 21:39:19,632 [INFO] PluginManager:220 - loadIPPluginJar : add genericplugin
2023-11-18 21:39:19,634 [INFO] IPUIPlugin:80 - create IPUIPlugin
2023-11-18 21:39:19,634 [INFO] PluginManager:220 - loadIPPluginJar : add gfxmmu
2023-11-18 21:39:19,641 [INFO] IPUIPlugin:80 - create IPUIPlugin
2023-11-18 21:39:19,641 [INFO] PluginManager:220 - loadIPPluginJar : add gic
2023-11-18 21:39:19,646 [INFO] IPUIPlugin:80 - create IPUIPlugin
2023-11-18 21:39:19,646 [INFO] PluginManager:220 - loadIPPluginJar : add gpio
2023-11-18 21:39:19,649 [INFO] IPUIPlugin:80 - create IPUIPlugin
2023-11-18 21:39:19,649 [INFO] PluginManager:220 - loadIPPluginJar : add gtzc
2023-11-18 21:39:19,653 [INFO] IPUIPlugin:80 - create IPUIPlugin
2023-11-18 21:39:19,653 [INFO] PluginManager:220 - loadIPPluginJar : add hash
2023-11-18 21:39:19,658 [INFO] IPUIPlugin:80 - create IPUIPlugin
2023-11-18 21:39:19,658 [INFO] PluginManager:220 - loadIPPluginJar : add i2c
2023-11-18 21:39:19,662 [INFO] IPUIPlugin:80 - create IPUIPlugin
2023-11-18 21:39:19,663 [INFO] PluginManager:220 - loadIPPluginJar : add i2s
2023-11-18 21:39:19,666 [INFO] IPUIPlugin:80 - create IPUIPlugin
2023-11-18 21:39:19,666 [INFO] PluginManager:220 - loadIPPluginJar : add i3c
2023-11-18 21:39:19,671 [INFO] IPUIPlugin:80 - create IPUIPlugin
2023-11-18 21:39:19,671 [INFO] PluginManager:220 - loadIPPluginJar : add ipddr
2023-11-18 21:39:19,682 [INFO] IPUIPlugin:80 - create IPUIPlugin
2023-11-18 21:39:19,682 [INFO] PluginManager:220 - loadIPPluginJar : add linkedlist
2023-11-18 21:39:19,685 [INFO] IPUIPlugin:80 - create IPUIPlugin
2023-11-18 21:39:19,686 [INFO] PluginManager:220 - loadIPPluginJar : add lorawan
2023-11-18 21:39:19,687 [INFO] IPUIPlugin:80 - create IPUIPlugin
2023-11-18 21:39:19,688 [INFO] PluginManager:220 - loadIPPluginJar : add ltdc
2023-11-18 21:39:19,696 [INFO] IPUIPlugin:80 - create IPUIPlugin
2023-11-18 21:39:19,697 [INFO] PluginManager:220 - loadIPPluginJar : add mdma
2023-11-18 21:39:19,701 [INFO] IPUIPlugin:80 - create IPUIPlugin
2023-11-18 21:39:19,701 [INFO] PluginManager:220 - loadIPPluginJar : add nvic
2023-11-18 21:39:19,707 [INFO] IPUIPlugin:80 - create IPUIPlugin
2023-11-18 21:39:19,707 [INFO] PluginManager:220 - loadIPPluginJar : add opamp
2023-11-18 21:39:19,712 [INFO] IPUIPlugin:80 - create IPUIPlugin
2023-11-18 21:39:19,713 [INFO] PluginManager:220 - loadIPPluginJar : add openamp
2023-11-18 21:39:19,716 [INFO] IPUIPlugin:80 - create IPUIPlugin
2023-11-18 21:39:19,716 [INFO] PluginManager:220 - loadIPPluginJar : add pdm2pcm
2023-11-18 21:39:19,725 [INFO] IPUIPlugin:80 - create IPUIPlugin
2023-11-18 21:39:19,728 [INFO] PluginManager:220 - loadIPPluginJar : add plateformsettings
2023-11-18 21:39:19,730 [INFO] IPUIPlugin:80 - create IPUIPlugin
2023-11-18 21:39:19,730 [INFO] PluginManager:220 - loadIPPluginJar : add quadspi
2023-11-18 21:39:19,734 [INFO] IPUIPlugin:80 - create IPUIPlugin
2023-11-18 21:39:19,734 [INFO] PluginManager:220 - loadIPPluginJar : add resmgrutility
2023-11-18 21:39:19,737 [INFO] IPUIPlugin:80 - create IPUIPlugin
2023-11-18 21:39:19,737 [INFO] PluginManager:220 - loadIPPluginJar : add sai
2023-11-18 21:39:19,741 [INFO] IPUIPlugin:80 - create IPUIPlugin
2023-11-18 21:39:19,741 [INFO] PluginManager:220 - loadIPPluginJar : add spi
2023-11-18 21:39:19,747 [INFO] IPUIPlugin:80 - create IPUIPlugin
2023-11-18 21:39:19,747 [INFO] PluginManager:220 - loadIPPluginJar : add stm32_wpan
2023-11-18 21:39:19,749 [INFO] IPUIPlugin:80 - create IPUIPlugin
2023-11-18 21:39:19,749 [INFO] PluginManager:220 - loadIPPluginJar : add tim
2023-11-18 21:39:19,753 [INFO] IPUIPlugin:80 - create IPUIPlugin
2023-11-18 21:39:19,753 [INFO] PluginManager:220 - loadIPPluginJar : add touchsensing
2023-11-18 21:39:19,757 [INFO] IPUIPlugin:80 - create IPUIPlugin
2023-11-18 21:39:19,757 [INFO] PluginManager:220 - loadIPPluginJar : add tracer_emb
2023-11-18 21:39:19,760 [INFO] IPUIPlugin:80 - create IPUIPlugin
2023-11-18 21:39:19,761 [INFO] PluginManager:220 - loadIPPluginJar : add ts
2023-11-18 21:39:19,762 [INFO] IPUIPlugin:80 - create IPUIPlugin
2023-11-18 21:39:19,763 [INFO] PluginManager:220 - loadIPPluginJar : add tsc
2023-11-18 21:39:19,765 [INFO] IPUIPlugin:80 - create IPUIPlugin
2023-11-18 21:39:19,765 [INFO] PluginManager:220 - loadIPPluginJar : add ucpd
2023-11-18 21:39:19,768 [INFO] IPUIPlugin:80 - create IPUIPlugin
2023-11-18 21:39:19,768 [INFO] PluginManager:220 - loadIPPluginJar : add usart
2023-11-18 21:39:19,772 [INFO] IPUIPlugin:80 - create IPUIPlugin
2023-11-18 21:39:19,772 [INFO] PluginManager:220 - loadIPPluginJar : add usbx
2023-11-18 21:39:19,923 [INFO] CADModel:165 - CPN selected for project level
2023-11-18 21:39:19,924 [INFO] CADModel:114 - Register for checkConnection events
2023-11-18 21:39:19,924 [FATAL] Updater:308 - Updater called before beeing initialized
2023-11-18 21:39:19,924 [ERROR] CADModel:125 - Updater not yet initialized, retry later 
2023-11-18 21:39:20,106 [INFO] CADModel:165 - CPN selected for project level
2023-11-18 21:39:20,106 [INFO] CADModel:114 - Register for checkConnection events
2023-11-18 21:39:20,107 [FATAL] Updater:308 - Updater called before beeing initialized
2023-11-18 21:39:20,107 [ERROR] CADModel:125 - Updater not yet initialized, retry later 
2023-11-18 21:39:20,111 [FATAL] Updater:308 - Updater called before beeing initialized
2023-11-18 21:39:20,252 [FATAL] Updater:308 - Updater called before beeing initialized
2023-11-18 21:39:20,260 [INFO] DbMcusAds:53 - JSON generation date=Tue Mar 07 03:50:55 EST 2023 (1678179055335)
2023-11-18 21:39:20,260 [FATAL] Updater:308 - Updater called before beeing initialized
2023-11-18 21:39:20,305 [WARN] DetailPanel:346 - Failed to get advertising image, set to default
2023-11-18 21:39:20,414 [FATAL] Updater:308 - Updater called before beeing initialized
2023-11-18 21:39:20,415 [FATAL] Updater:308 - Updater called before beeing initialized
2023-11-18 21:39:20,416 [FATAL] Updater:308 - Updater called before beeing initialized
2023-11-18 21:39:20,416 [WARN] DetailPanel:346 - Failed to get advertising image, set to default
2023-11-18 21:39:20,416 [FATAL] Updater:308 - Updater called before beeing initialized
2023-11-18 21:39:20,479 [ERROR] Updater:1120 - MainUpdater not yet initialized. External WinMGr cannot be set.
2023-11-18 21:39:20,481 [INFO] Updater:1056 - Updater Version found : 6.9.2
2023-11-18 21:39:20,501 [INFO] ApplicationProperties:184 - Using Application install path: C:\ST\STM32CubeIDE_1.13.2\STM32CubeIDE\plugins\com.st.stm32cube.common.mx_6.9.2.202309101412
2023-11-18 21:39:20,622 [INFO] MainUpdater:2868 - connection check result : 10
2023-11-18 21:39:20,623 [INFO] MainUpdater:285 - Updater Check For Update Now.
2023-11-18 21:39:20,624 [INFO] MicroXplorer:498 - Change Database Version : DB.6.0.92
2023-11-18 21:39:20,631 [INFO] McuFinderGlobals:63 - Set McuFinder mode to 2 (CubeIDE integrated)
2023-11-18 21:39:20,632 [INFO] UserAuth:179 - activating auth plugin
2023-11-18 21:39:20,635 [INFO] UserAuth:393 - Internet connection configuration mode: 1
2023-11-18 21:39:20,656 [INFO] JxBrowserEngine:151 - Initiate JxBrowser Engine with user profile folder
2023-11-18 21:39:20,820 [INFO] CheckServerUpdateThread:120 - End of CheckServer Thread
2023-11-18 21:39:21,572 [INFO] WebApp:157 - Instantiating new browser for Auth
2023-11-18 21:39:22,261 [WARN] PackLoader:240 - Cannot read IP mode file for STMicroelectronics.X-CUBE-SMBUS.2.1.0
2023-11-18 21:39:22,361 [WARN] PackLoader:240 - Cannot read IP mode file for STMicroelectronics.X-CUBE-AZRTOS-F7.1.1.0
2023-11-18 21:39:22,408 [WARN] PackLoader:240 - Cannot read IP mode file for STMicroelectronics.FP-SNS-MOTENV1.4.3.2
2023-11-18 21:39:22,433 [WARN] PackLoader:240 - Cannot read IP mode file for STMicroelectronics.FP-SNS-FLIGHT1.5.0.2
2023-11-18 21:39:22,465 [WARN] PackLoader:240 - Cannot read IP mode file for STMicroelectronics.X-CUBE-DISPLAY.3.0.0
2023-11-18 21:39:22,501 [WARN] PackLoader:240 - Cannot read IP mode file for STMicroelectronics.X-CUBE-BLE1.7.0.0
2023-11-18 21:39:22,520 [WARN] PackLoader:240 - Cannot read IP mode file for emotas.I-CUBE-CANOPEN.1.3.0
2023-11-18 21:39:22,531 [WARN] PackLoader:240 - Cannot read IP mode file for STMicroelectronics.X-CUBE-TOUCHGFX.4.22.1
2023-11-18 21:39:22,543 [WARN] PackLoader:240 - Cannot read IP mode file for STMicroelectronics.FP-SNS-SMARTAG2.1.2.0
2023-11-18 21:39:22,578 [INFO] LogOutputStream:77 - [STDOUT_REDIRECT] 1 : Invalid condition id : UX_CORESTACK_Condition cause : null
2023-11-18 21:39:22,579 [INFO] LogOutputStream:77 - [STDOUT_REDIRECT] 1 : Invalid condition id : UX_CORESTACK_Condition cause : null
2023-11-18 21:39:22,583 [INFO] LogOutputStream:77 - [STDOUT_REDIRECT] 1 : Invalid condition id : UX_CORESTACK_Condition cause : null
2023-11-18 21:39:22,586 [INFO] LogOutputStream:77 - [STDOUT_REDIRECT] 1 : Invalid condition id : UX_CORESTACK_Condition cause : null
2023-11-18 21:39:22,590 [INFO] LogOutputStream:77 - [STDOUT_REDIRECT] 1 : Invalid condition id : UX_CORESTACK_Condition cause : null
2023-11-18 21:39:22,601 [WARN] PackLoader:240 - Cannot read IP mode file for STMicroelectronics.X-CUBE-AZRTOS-WL.2.0.0
2023-11-18 21:39:22,622 [WARN] PackLoader:240 - Cannot read IP mode file for WES.I-CUBE-Cesium.1.3.0
2023-11-18 21:39:22,633 [WARN] PackLoader:240 - Cannot read IP mode file for STMicroelectronics.X-CUBE-BLE2.3.3.0
2023-11-18 21:39:22,647 [WARN] PackLoader:240 - Cannot read IP mode file for STMicroelectronics.X-CUBE-ALGOBUILD.1.3.0
2023-11-18 21:39:22,697 [WARN] PackLoader:240 - Cannot read IP mode file for STMicroelectronics.X-CUBE-AZRTOS-G0.1.1.0
2023-11-18 21:39:22,716 [WARN] PackLoader:240 - Cannot read IP mode file for STMicroelectronics.X-CUBE-NFC4.3.0.0
2023-11-18 21:39:22,760 [WARN] PackLoader:240 - Cannot read IP mode file for STMicroelectronics.X-CUBE-BLEMGR.3.0.0
2023-11-18 21:39:22,778 [WARN] PackLoader:240 - Cannot read IP mode file for STMicroelectronics.FP-ATR-SIGFOX1.3.2.0
2023-11-18 21:39:22,832 [INFO] WebApp:753 - Register for checkConnection events
2023-11-18 21:39:22,833 [INFO] WebApp:390 - Apply proxy settings
2023-11-18 21:39:22,833 [INFO] WebApp:475 - Chromium requires no authentication
2023-11-18 21:39:22,847 [INFO] WebApp:418 - Direct internet connection detected
2023-11-18 21:39:22,856 [WARN] PackLoader:240 - Cannot read IP mode file for SEGGER.I-CUBE-embOS.1.3.1
2023-11-18 21:39:22,966 [WARN] PackLoader:240 - Cannot read IP mode file for STMicroelectronics.X-CUBE-GNSS1.6.0.0
2023-11-18 21:39:23,015 [WARN] PackLoader:240 - Cannot read IP mode file for STMicroelectronics.X-CUBE-AZRTOS-F4.1.1.0
2023-11-18 21:39:23,031 [WARN] PackLoader:240 - Cannot read IP mode file for wolfSSL.I-CUBE-wolfSSL.5.6.3
2023-11-18 21:39:23,095 [WARN] PackLoader:240 - Cannot read IP mode file for STMicroelectronics.X-CUBE-AZRTOS-L5.2.0.0
2023-11-18 21:39:23,214 [WARN] PackLoader:240 - Cannot read IP mode file for STMicroelectronics.X-CUBE-MEMS1.9.6.0
2023-11-18 21:39:23,440 [INFO] WebApp:188 - Starting web application
2023-11-18 21:39:23,441 [INFO] WebApp:520 - Web application path used C:\ST\STM32CubeIDE_1.13.2\STM32CubeIDE\plugins\com.st.stm32cube.common.mx_6.9.2.202309101412\db\plugins\mcufinder\reactClient1\index.html
2023-11-18 21:39:23,638 [WARN] PackLoader:240 - Cannot read IP mode file for STMicroelectronics.X-CUBE-EEPRMA1.4.2.0
2023-11-18 21:39:23,658 [WARN] PackLoader:240 - Cannot read IP mode file for ITTIA_DB.I-CUBE-ITTIADB.8.8.0
2023-11-18 21:39:23,677 [WARN] PackLoader:240 - Cannot read IP mode file for STMicroelectronics.X-CUBE-BLEMGR.2.0.0
2023-11-18 21:39:23,719 [WARN] ConditionMgr:438 - getConditionDescription Invalid condition id : UX DEVICE CLASS RTOS Condition cause : null
2023-11-18 21:39:23,720 [WARN] ConditionMgr:438 - getConditionDescription Invalid condition id : UX DEVICE CLASS RTOS Condition cause : null
2023-11-18 21:39:23,729 [WARN] PackLoader:240 - Cannot read IP mode file for STMicroelectronics.X-CUBE-AZRTOS-H7.3.1.0
2023-11-18 21:39:23,732 [WARN] ConditionMgr:1039 - genDependencies : Invalid condition id : UX DEVICE CLASS RTOS Condition cause : null
2023-11-18 21:39:23,732 [WARN] ConditionMgr:1039 - genDependencies : Invalid condition id : UX DEVICE CLASS RTOS Condition cause : null
2023-11-18 21:39:23,734 [WARN] ConditionMgr:1039 - genDependencies : Invalid condition id : UX DEVICE CLASS RTOS Condition cause : null
2023-11-18 21:39:23,735 [WARN] ConditionMgr:1039 - genDependencies : Invalid condition id : UX DEVICE CLASS RTOS Condition cause : null
2023-11-18 21:39:23,735 [WARN] ConditionMgr:1039 - genDependencies : Invalid condition id : UX DEVICE CLASS RTOS Condition cause : null
2023-11-18 21:39:23,753 [WARN] PackLoader:240 - Cannot read IP mode file for STMicroelectronics.X-CUBE-NFC7.1.0.1
2023-11-18 21:39:23,783 [WARN] PackLoader:240 - Cannot read IP mode file for STMicroelectronics.X-CUBE-NFC6.3.0.0
2023-11-18 21:39:23,801 [WARN] PackLoader:240 - Cannot read IP mode file for STMicroelectronics.X-CUBE-EEPRMA1.4.1.0
2023-11-18 21:39:23,812 [WARN] PackLoader:240 - Cannot read IP mode file for STMicroelectronics.X-CUBE-AI.8.1.0
2023-11-18 21:39:23,854 [WARN] ConditionMgr:438 - getConditionDescription Invalid condition id : LAN8742 Phy interface Condition cause : null
2023-11-18 21:39:23,856 [WARN] PackLoader:240 - Cannot read IP mode file for STMicroelectronics.X-CUBE-AZRTOS-L4.2.0.0
2023-11-18 21:39:23,859 [WARN] ConditionMgr:1039 - genDependencies : Invalid condition id : LAN8742 Phy interface Condition cause : null
2023-11-18 21:39:23,864 [WARN] ConditionMgr:1039 - genDependencies : Invalid condition id : LAN8742 Phy interface Condition cause : null
2023-11-18 21:39:23,866 [WARN] ConditionMgr:1039 - genDependencies : Invalid condition id : LAN8742 Phy interface Condition cause : null
2023-11-18 21:39:23,886 [WARN] PackLoader:240 - Cannot read IP mode file for STMicroelectronics.X-CUBE-SFXS2LP1.4.0.0
2023-11-18 21:39:23,898 [WARN] PackLoader:240 - Cannot read IP mode file for STMicroelectronics.X-CUBE-ISPU.1.1.0
2023-11-18 21:39:23,932 [WARN] ConditionMgr:438 - getConditionDescription Invalid condition id : UX DEVICE CLASS RTOS Condition cause : null
2023-11-18 21:39:23,933 [WARN] ConditionMgr:438 - getConditionDescription Invalid condition id : UX DEVICE CLASS RTOS Condition cause : null
2023-11-18 21:39:23,940 [WARN] PackLoader:240 - Cannot read IP mode file for STMicroelectronics.X-CUBE-AZRTOS-WB.2.0.0
2023-11-18 21:39:23,942 [WARN] ConditionMgr:1039 - genDependencies : Invalid condition id : UX DEVICE CLASS RTOS Condition cause : null
2023-11-18 21:39:23,942 [WARN] ConditionMgr:1039 - genDependencies : Invalid condition id : UX DEVICE CLASS RTOS Condition cause : null
2023-11-18 21:39:23,943 [WARN] ConditionMgr:1039 - genDependencies : Invalid condition id : UX DEVICE CLASS RTOS Condition cause : null
2023-11-18 21:39:23,944 [WARN] ConditionMgr:1039 - genDependencies : Invalid condition id : UX DEVICE CLASS RTOS Condition cause : null
2023-11-18 21:39:23,944 [WARN] ConditionMgr:1039 - genDependencies : Invalid condition id : UX DEVICE CLASS RTOS Condition cause : null
2023-11-18 21:39:23,971 [WARN] PackLoader:240 - Cannot read IP mode file for STMicroelectronics.X-CUBE-SUBG2.5.0.0
2023-11-18 21:39:24,015 [WARN] PackLoader:240 - Cannot read IP mode file for STMicroelectronics.X-CUBE-TOF1.3.3.1
2023-11-18 21:39:24,080 [WARN] PackLoader:240 - Cannot read IP mode file for STMicroelectronics.X-CUBE-AZRTOS-G4.2.0.0
2023-11-18 21:39:24,124 [WARN] PackLoader:240 - Cannot read IP mode file for Infineon.AIROC-Wi-Fi-Bluetooth-STM32.1.5.1
2023-11-18 21:39:24,142 [WARN] PackLoader:240 - Cannot read IP mode file for STMicroelectronics.FP-SNS-MOTENVWB1.1.3.0
2023-11-18 21:39:24,260 [WARN] PackLoader:240 - Cannot read IP mode file for STMicroelectronics.X-CUBE-MEMS1.10.0.0
2023-11-18 21:39:24,592 [WARN] PackLoader:240 - Cannot read IP mode file for STMicroelectronics.X-CUBE-FREERTOS.1.1.0
2023-11-18 21:39:24,604 [WARN] PackLoader:240 - Cannot read IP mode file for portGmbH.I-Cube-SoM-uGOAL.1.1.0
2023-11-18 21:39:24,615 [WARN] PackLoader:240 - Cannot read IP mode file for STMicroelectronics.X-CUBE-ALS.1.0.1
2023-11-18 21:39:24,623 [WARN] PackLoader:240 - Cannot read IP mode file for STMicroelectronics.FP-ATR-ASTRA1.2.0.0
2023-11-18 21:39:24,625 [INFO] ThirdParty:978 - Integrity check success = true
2023-11-18 21:39:24,626 [INFO] IntegrityCheckThread:100 - exiting critical section [integrity check]
2023-11-18 21:39:24,626 [INFO] IntegrityCheckThread:103 - End integrity checks thread
2023-11-18 21:39:44,685 [ERROR] LogOutputStream:75 - [STDERR_REDIRECT] SLF4J: Failed to load class "org.slf4j.impl.StaticLoggerBinder".
2023-11-18 21:39:44,686 [ERROR] LogOutputStream:75 - [STDERR_REDIRECT] SLF4J: Defaulting to no-operation (NOP) logger implementation
2023-11-18 21:39:44,688 [ERROR] LogOutputStream:75 - [STDERR_REDIRECT] SLF4J: See http://www.slf4j.org/codes.html#StaticLoggerBinder for further details.
2023-11-18 21:44:17,100 [ERROR] LogOutputStream:75 - [STDERR_REDIRECT] 
